3.000000000000000000e+00 1.500000022351741791e-01 4.117137145996093750e+01 -2.550000000000000000e+02 3.831092640757560730e-02 1.172149372100830078e+01 7.160589120758231729e-06 -1.866077445447444916e-02 9.359862451674416661e-05 -5.582306161522865295e-02 5.359408096410334110e-04
4.000000000000000000e+00 2.000000029802322388e-01 4.175667953491210938e+01 -2.550000000000000000e+02 3.735690936446189880e-02 1.169508075714111328e+01 1.345074360870057717e-05 -1.793741248548030853e-02 7.131312304409220815e-05 -5.365673452615737915e-02 4.987481515854597092e-04
5.000000000000000000e+00 2.500000037252902985e-01 4.234197616577148438e+01 -2.550000000000000000e+02 3.650062531232833862e-02 1.171208667755126953e+01 1.898509981401730329e-05 -1.496463734656572342e-02 8.196733688237145543e-06 -1.307133287191390991e-01 9.963570482796058059e-05
6.000000000000000000e+00 3.000000044703483582e-01 4.292683029174804688e+01 -2.550000000000000000e+02 3.581760451197624207e-02 1.168593692779541016e+01 2.298400249856058508e-05 -1.165863033384084702e-02 -1.354642517981119454e-05 -4.492283239960670471e-02 2.576724800746887922e-04
7.000000000000000000e+00 3.500000052154064178e-01 4.351165771484375000e+01 -2.550000000000000000e+02 3.529090806841850281e-02 1.170291614532470703e+01 2.593529643490910530e-05 -8.737888187170028687e-03 6.104417593633115757e-07 -9.862166643142700195e-02 -3.687531716423109174e-05
8.000000000000000000e+00 4.000000059604644775e-01 4.409603881835937500e+01 -2.550000000000000000e+02 3.490650281310081482e-02 1.167675971984863281e+01 2.807621604006271809e-05 -6.393747404217720032e-03 -4.603148227033670992e-06 -1.240697130560874939e-02 1.812185073504224420e-04
9.000000000000000000e+00 4.500000067055225372e-01 4.468040466308593750e+01 -2.550000000000000000e+02 3.462192416191101074e-02 1.169379615783691406e+01 2.952479735540691763e-05 -4.607038572430610657e-03 -8.376617870453628711e-07 -7.086435705423355103e-02 -7.616388757014647126e-05
1.000000000000000000e+01 5.000000074505805969e-01 4.526430892944335938e+01 -2.550000000000000000e+02 3.442302718758583069e-02 1.166758537292480469e+01 3.050744271604344249e-05 -3.285436658188700676e-03 -3.729967647814191878e-05 9.132308885455131531e-03 1.575364731252193451e-04
1.100000000000000000e+01 5.500000081956386566e-01 4.584821319580078125e+01 -2.550000000000000000e+02 3.427623584866523743e-02 1.168467903137207031e+01 3.137228122795931995e-05 -2.326259622350335121e-03 -6.260242662392556667e-05 -5.452556535601615906e-02 -8.853257895680144429e-05
1.200000000000000000e+01 6.000000089406967163e-01 4.643165969848632812e+01 -2.550000000000000000e+02 3.417759016156196594e-02 1.165841388702392578e+01 3.171189746353775263e-05 -1.638374291360378265e-03 -1.245031307917088270e-05 2.127091586589813232e-02 1.538701762910932302e-04
1.300000000000000000e+01 6.500000096857547760e-01 4.701510238647460938e+01 -2.550000000000000000e+02 3.410281985998153687e-02 1.167556953430175781e+01 3.230618676752783358e-05 -1.150894095189869404e-03 7.375179120572283864e-05 -4.560900479555130005e-02 -9.421501454198732972e-05
1.400000000000000000e+01 7.000000104308128357e-01 4.759809494018554688e+01 -2.550000000000000000e+02 3.405544161796569824e-02 1.164925289154052734e+01 3.257831122027710080e-05 -8.055591606535017490e-04 -1.923291347338818014e-05 2.787136659026145935e-02 1.494951575295999646e-04
1.500000000000000000e+01 7.500000111758708954e-01 4.818107986450195312e+01 -2.550000000000000000e+02 3.401695191860198975e-02 1.166646289825439453e+01 3.292003020760603249e-05 -5.627918289974331856e-04 8.655511919641867280e-06 -4.089911654591560364e-02 -9.606409730622544885e-05
1.600000000000000000e+01 8.000000119209289551e-01 4.876360321044921875e+01 -2.550000000000000000e+02 3.399524465203285217e-02 1.164009571075439453e+01 3.318706512800417840e-05 -3.932571271434426308e-04 -4.007542884210124612e-05 3.139072656631469727e-02 1.484714593971148133e-04
1.700000000000000000e+01 8.500000126659870148e-01 4.934612655639648438e+01 -2.550000000000000000e+02 3.397480025887489319e-02 1.165736770629882812e+01 3.356576780788600445e-05 -2.748489205259829760e-04 2.366745138715486974e-05 -3.838953748345375061e-02 -9.570956171955913305e-05
1.800000000000000000e+01 9.000000134110450745e-01 4.992820739746093750e+01 -2.550000000000000000e+02 3.396572172641754150e-02 1.163095188140869141e+01 3.372143692104145885e-05 -1.920223148772493005e-04 1.937674096552655101e-05 3.334903717041015625e-02 1.519767101854085922e-04
1.900000000000000000e+01 9.500000141561031342e-01 5.051027297973632812e+01 -2.550000000000000000e+02 3.395408391952514648e-02 1.164827728271484375e+01 3.406475298106670380e-05 -1.345062191830947995e-04 1.699961467238608748e-05 -3.707245737314224243e-02 -9.563038474880158901e-05
2.000000000000000000e+01 1.000000014901161194e+00 5.109188842773437500e+01 -2.550000000000000000e+02 3.395122289657592773e-02 1.162181377410888672e+01 3.432008088566362858e-05 -9.319305536337196827e-05 4.364760025055147707e-05 3.440206497907638550e-02 1.486666878918185830e-04
2.100000000000000000e+01 1.050000015646219254e+00 5.167350769042968750e+01 -2.550000000000000000e+02 3.394393995404243469e-02 1.163919925689697266e+01 3.461727828835137188e-05 -6.525039498228579760e-05 6.102988663769792765e-06 -3.644471988081932068e-02 -9.531414980301633477e-05
2.200000000000000000e+01 1.100000016391277313e+00 5.225467300415039062e+01 -2.550000000000000000e+02 3.394405171275138855e-02 1.161268615722656250e+01 3.477718564681708813e-05 -4.487991100177168846e-05 1.714037352940067649e-06 3.506615012884140015e-02 1.518600474810227752e-04
2.300000000000000000e+01 1.150000017136335373e+00 5.283583450317382812e+01 -2.550000000000000000e+02 3.393890336155891418e-02 1.163012504577636719e+01 3.516744618536904454e-05 -3.107070733676664531e-05 3.823575025307945907e-05 -3.615847229957580566e-02 -9.582694474374875426e-05
2.400000000000000000e+01 1.200000017881393433e+00 5.341654205322265625e+01 -2.550000000000000000e+02 3.394057974219322205e-02 1.160356616973876953e+01 3.530897811288014054e-05 -2.051353476417716593e-05 -2.778090788524423260e-07 3.538171947002410889e-02 1.512296585133299232e-04
2.500000000000000000e+01 1.250000018626451492e+00 5.399724960327148438e+01 -2.550000000000000000e+02 3.393650054931640625e-02 1.162106418609619141e+01 3.565031147445552051e-05 -1.514434825367061421e-05 6.693128398183034733e-07 -3.600154444575309753e-02 -9.775731450645253062e-05
2.600000000000000000e+01 1.300000019371509552e+00 5.457749938964843750e+01 -2.550000000000000000e+02 3.393894061446189880e-02 1.159445858001708984e+01 3.583703801268711686e-05 -1.067161520040826872e-05 -3.839477358269505203e-06 3.564731404185295105e-02 1.513873139629140496e-04
2.700000000000000000e+01 1.350000020116567612e+00 5.515775299072265625e+01 -2.550000000000000000e+02 3.393527865409851074e-02 1.161201190948486328e+01 3.613750595832243562e-05 -8.335113307111896574e-06 -8.652853011881234124e-07 -3.598504140973091125e-02 -9.736359061207622290e-05
2.800000000000000000e+01 1.400000020861625671e+00 5.573755264282226562e+01 -2.550000000000000000e+02 3.393806517124176025e-02 1.158535575866699219e+01 3.634158565546385944e-05 -4.758834620588459074e-06 -1.156041980721056461e-04 3.578971698880195618e-02 1.515072217443957925e-04
2.900000000000000000e+01 1.450000021606683731e+00 5.631735229492187500e+01 -2.550000000000000000e+02 3.393470868468284607e-02 1.160296821594238281e+01 3.674448089441284537e-05 -3.671646027214592323e-06 6.390017369994893670e-05 -3.601573407649993896e-02 -9.874469833448529243e-05
3.000000000000000000e+01 1.500000022351741791e+00 5.689669418334960938e+01 -2.550000000000000000e+02 3.393760696053504944e-02 1.157626914978027344e+01 3.679783549159765244e-05 -2.536773536121472716e-06 -4.533852916210889816e-05 3.595257177948951721e-02 1.540269586257636547e-04
3.100000000000000000e+01 1.550000023096799850e+00 5.747603988647460938e+01 -2.550000000000000000e+02 3.393444046378135681e-02 1.159393405914306641e+01 3.718643347383476794e-05 -1.392364424646075349e-06 -7.907161489129066467e-06 -3.607545793056488037e-02 -9.968976519303396344e-05
3.200000000000000000e+01 1.600000023841857910e+00 5.805493164062500000e+01 -2.550000000000000000e+02 3.393745422363281250e-02 1.156718635559082031e+01 3.736724102054722607e-05 -5.912780807193485089e-07 -1.061387138179270551e-05 3.602703288197517395e-02 1.530014997115358710e-04
3.300000000000000000e+01 1.650000024586915970e+00 5.863382720947265625e+01 -2.550000000000000000e+02 3.393425047397613525e-02 1.158491039276123047e+01 3.774889410124160349e-05 -2.183914148190524429e-06 -1.381195124849909917e-05 -3.614665195345878601e-02 -9.819227852858603001e-05
3.400000000000000000e+01 1.700000025331974030e+00 5.921226501464843750e+01 -2.550000000000000000e+02 3.393737599253654480e-02 1.155811595916748047e+01 3.788619142142124474e-05 -8.583068620282574557e-07 -1.463208354834932834e-05 3.611619770526885986e-02 1.530801382614299655e-04
3.500000000000000000e+01 1.750000026077032089e+00 5.979070663452148438e+01 -2.550000000000000000e+02 3.393417224287986755e-02 1.157589244842529297e+01 3.827676482615061104e-05 -1.134872377406281885e-06 -1.327193331235321239e-05 -3.623403981328010559e-02 -9.913833491737022996e-05
3.600000000000000000e+01 1.800000026822090149e+00 6.036869049072265625e+01 -2.550000000000000000e+02 3.393730148673057556e-02 1.154904842376708984e+01 3.831676440313458443e-05 -6.103515488575794734e-07 -1.016574969980865717e-05 3.621548786759376526e-02 1.539066579425707459e-04
3.700000000000000000e+01 1.850000027567148209e+00 6.094668197631835938e+01 -2.550000000000000000e+02 3.393413498997688293e-02 1.156688308715820312e+01 3.877543349517509341e-05 -7.057190032355720177e-07 -7.152982107072602957e-06 -3.627227246761322021e-02 -9.819339902605861425e-05
3.800000000000000000e+01 1.900000028312206268e+00 6.152421569824218750e+01 -2.550000000000000000e+02 3.393726423382759094e-02 1.153999710083007812e+01 3.893475877703167498e-05 -4.863738922722404823e-07 -9.159256478596944362e-06 3.629292175173759460e-02 1.542222307762131095e-04
3.900000000000000000e+01 1.950000029057264328e+00 6.210176086425781250e+01 -2.550000000000000000e+02 3.393409773707389832e-02 1.155788803100585938e+01 3.923074837075546384e-05 -8.869171210790227633e-07 -7.236541023303288966e-06 -3.637813776731491089e-02 -1.005967715173028409e-04
4.000000000000000000e+01 2.000000029802322388e+00 6.267884063720703125e+01 -2.550000000000000000e+02 3.393726423382759094e-02 1.153095149993896484e+01 3.944917989429086447e-05 -1.163482693300466053e-06 -1.383827657264191657e-05 3.640964999794960022e-02 1.530799781903624535e-04
4.100000000000000000e+01 2.050000030547380447e+00 6.325593566894531250e+01 -2.550000000000000000e+02 3.393409773707389832e-02 1.154889869689941406e+01 3.979153916588984430e-05 -1.678466787780052982e-06 5.980392597848549485e-05 -3.645923361182212830e-02 -1.011503627523779869e-04
4.200000000000000000e+01 2.100000031292438507e+00 6.383256530761718750e+01 -2.550000000000000000e+02 3.393722325563430786e-02 1.152192020416259766e+01 3.995526640210300684e-05 -4.196166969450132456e-07 6.003527596476487815e-05 3.647150099277496338e-02 1.551666355226188898e-04
4.300000000000000000e+01 2.150000032037496567e+00 6.440920257568359375e+01 -2.550000000000000000e+02 3.393401950597763062e-02 1.153992080688476562e+01 4.030004492960870266e-05 -7.820129326319147367e-07 -1.331339444732293487e-05 -3.654202446341514587e-02 -1.003211073111742735e-04
4.400000000000000000e+01 2.200000032782554626e+00 6.498538208007812500e+01 -2.550000000000000000e+02 3.393722325563430786e-02 1.151289176940917969e+01 4.048818664159625769e-05 -3.623962356869014911e-07 -1.797084405552595854e-05 3.657576814293861389e-02 1.545770792290568352e-04
4.500000000000000000e+01 2.250000033527612686e+00 6.556156921386718750e+01 -2.550000000000000000e+02 3.393401950597763062e-02 1.153094863891601562e+01 4.086094850208610296e-05 -3.814697038251324557e-07 1.923597119457554072e-05 -3.661886230111122131e-02 -9.996745939133688807e-05
4.600000000000000000e+01 2.300000034272670746e+00 6.613730621337890625e+01 -2.550000000000000000e+02 3.393722325563430786e-02 1.150387573242187500e+01 4.098197314306162298e-05 -7.343292054429184645e-07 5.312152279657311738e-05 3.664457798004150391e-02 1.540246012154966593e-04
4.700000000000000000e+01 2.350000035017728806e+00 6.671304321289062500e+01 -2.550000000000000000e+02 3.393401950597763062e-02 1.152198791503906250e+01 4.132475442020222545e-05 -8.583068478174027405e-08 -1.465474815631750971e-05 -3.669623658061027527e-02 -1.013451765174977481e-04
4.800000000000000000e+01 2.400000035762786865e+00 6.728832244873046875e+01 -2.550000000000000000e+02 3.393718600273132324e-02 1.149486827850341797e+01 4.152004112256690860e-05 -1.192092895507812500e-06 -1.770790004229638726e-05 3.671145811676979065e-02 1.542622776469215751e-04
4.900000000000000000e+01 2.450000036507844925e+00 6.786361694335937500e+01 -2.550000000000000000e+02 3.393401950597763062e-02 1.151303577423095703e+01 4.181932672508992255e-05 -1.087188707060704473e-06 -1.316130783379776403e-05 -3.676023706793785095e-02 -1.004791047307662666e-04
5.000000000000000000e+01 2.500000037252902985e+00 6.794129943847656250e+01 -2.549966278076171875e+02 4.252273589372634888e-02 -8.290373682975769043e-01 6.574555300176143646e-03 1.474082469940185547e-01 2.319122314453125000e+00 -1.311616897583007812e+00 2.158542871475219727e+00
5.100000000000000000e+01 2.550000037997961044e+00 6.790045928955078125e+01 -2.549970703125000000e+02 4.562373831868171692e-02 -8.155599236488342285e-01 9.807166643440723419e-04 2.632114291191101074e-02 -1.108637690544128418e+00 -2.486989349126815796e-01 -2.876970767974853516e-01
5.200000000000000000e+01 2.600000038743019104e+00 6.785930633544921875e+01 -2.549972839355468750e+02 4.522689804434776306e-02 -8.287943601608276367e-01 7.813603617250919342e-03 -2.508546784520149231e-02 -1.512157440185546875e+00 1.978345960378646851e-01 3.991431891918182373e-01
5.300000000000000000e+01 2.650000039488077164e+00 6.781822967529296875e+01 -2.549973602294921875e+02 4.348491504788398743e-02 -8.133665919303894043e-01 7.541318889707326889e-03 -4.190288111567497253e-02 -1.346091747283935547e+00 2.627616822719573975e-01 -4.190198481082916260e-01
5.400000000000000000e+01 2.700000040233135223e+00 6.777699279785156250e+01 -2.549974975585937500e+02 4.145229235291481018e-02 -8.288577198982238770e-01 5.474109668284654617e-03 -4.273464158177375793e-02 -1.073136329650878906e+00 3.050311803817749023e-01 4.345432221889495850e-01
5.500000000000000000e+01 2.750000040978193283e+00 6.773593902587890625e+01 -2.549975738525390625e+02 3.957870230078697205e-02 -8.127880096435546875e-01 3.534252056851983070e-03 -3.714286535978317261e-02 -8.314322233200073242e-01 2.117656022310256958e-01 -4.327097535133361816e-01
5.600000000000000000e+01 2.800000041723251343e+00 6.769475555419921875e+01 -2.549977264404296875e+02 3.803275898098945618e-02 -8.285058140754699707e-01 1.816683565266430378e-03 -2.978796884417533875e-02 -6.319698095321655273e-01 2.106725126504898071e-01 4.384272992610931396e-01
5.700000000000000000e+01 2.850000042468309402e+00 6.765376281738281250e+01 -2.549978332519531250e+02 3.682487457990646362e-02 -8.124173283576965332e-01 6.016525439918041229e-04 -2.275850251317024231e-02 -4.807270467281341553e-01 1.158661246299743652e-01 -4.323422610759735107e-01
5.800000000000000000e+01 2.900000043213367462e+00 6.761262512207031250e+01 -2.549980010986328125e+02 3.592387959361076355e-02 -8.280801773071289062e-01 -4.432527348399162292e-04 -1.682768762111663818e-02 -3.631958365440368652e-01 1.292538046836853027e-01 4.362794756889343262e-01
5.900000000000000000e+01 2.950000043958425522e+00 6.757167816162109375e+01 -2.549981231689453125e+02 3.526344150304794312e-02 -8.120695948600769043e-01 -1.113877515308558941e-03 -1.215583737939596176e-02 -2.753697931766510010e-01 5.139064043760299683e-02 -4.299880266189575195e-01
6.000000000000000000e+01 3.000000044703483582e+00 6.753058624267578125e+01 -2.549983367919921875e+02 3.479579836130142212e-02 -8.276537656784057617e-01 -1.741451094858348370e-03 -8.623962290585041046e-03 -2.080844938755035400e-01 8.029250800609588623e-02 4.340112209320068359e-01
6.100000000000000000e+01 3.050000045448541641e+00 6.748966217041015625e+01 -2.549984741210937500e+02 3.446349874138832092e-02 -8.117092847824096680e-01 -2.094728406518697739e-03 -6.036825012415647507e-03 -1.576000303030014038e-01 1.498077809810638428e-02 -4.281866848468780518e-01
6.200000000000000000e+01 3.100000046193599701e+00 6.744860076904296875e+01 -2.549986419677734375e+02 3.423671796917915344e-02 -8.272390365600585938e-01 -2.483196323737502098e-03 -4.177227150648832321e-03 -1.191471442580223083e-01 5.362711474299430847e-02 4.325489103794097900e-01
6.300000000000000000e+01 3.150000046938657761e+00 6.740770721435546875e+01 -2.549987487792968750e+02 3.407745435833930969e-02 -8.113346695899963379e-01 -2.655197866261005402e-03 -2.862777560949325562e-03 -9.006512910127639771e-02 -4.324120003730058670e-03 -4.271849691867828369e-01
6.400000000000000000e+01 3.200000047683715820e+00 6.736666107177734375e+01 -2.549989013671875000e+02 3.397258743643760681e-02 -8.268342614173889160e-01 -2.907167654484510422e-03 -1.948509132489562035e-03 -6.835123896598815918e-02 3.966764360666275024e-02 4.317559301853179932e-01
6.500000000000000000e+01 3.250000048428773880e+00 6.732579803466796875e+01 -2.549990386962890625e+02 3.389831632375717163e-02 -8.109523653984069824e-01 -2.976197516545653343e-03 -1.317501068115234375e-03 -5.144200846552848816e-02 -1.439667027443647385e-02 -4.266330301761627197e-01
6.600000000000000000e+01 3.300000049173831940e+00 6.728477478027343750e+01 -2.549992980957031250e+02 3.385200351476669312e-02 -8.264351487159729004e-01 -3.150508040562272072e-03 -8.864879491738975048e-04 -3.917655348777770996e-02 3.244791552424430847e-02 4.313525557518005371e-01
6.700000000000000000e+01 3.350000049918889999e+00 6.724393463134765625e+01 -2.549994659423828125e+02 3.381759673357009888e-02 -8.105654120445251465e-01 -3.160245949402451515e-03 -5.924701690673828125e-04 -2.944881841540336609e-02 -1.954835467040538788e-02 -4.263718724250793457e-01
6.800000000000000000e+01 3.400000050663948059e+00 6.720293426513671875e+01 -2.549996948242187500e+02 3.379829227924346924e-02 -8.260399699211120605e-01 -3.290451131761074066e-03 -3.946113574784249067e-04 -2.247712202370166779e-02 2.878236211836338043e-02 4.311610460281372070e-01
6.900000000000000000e+01 3.450000051409006119e+00 6.716210937500000000e+01 -2.549998779296875000e+02 3.378207981586456299e-02 -8.101755380630493164e-01 -3.266734303906559944e-03 -2.611541713122278452e-04 -1.678615994751453400e-02 -2.217609621584415436e-02 -4.262449741363525391e-01
7.000000000000000000e+01 3.500000052154064178e+00 6.712113952636718750e+01 -2.550001068115234375e+02 3.377490863204002380e-02 -8.256462812423706055e-01 -3.371515311300754547e-03 -1.737975981086492538e-04 -1.293876487761735916e-02 2.690833248198032379e-02 4.310854971408843994e-01
7.100000000000000000e+01 3.550000052899122238e+00 6.708032226562500000e+01 -2.550002746582031250e+02 3.376678377389907837e-02 -8.097848296165466309e-01 -3.328320337459445000e-03 -1.139640808105468750e-04 -9.592451155185699463e-03 -2.357316575944423676e-02 -4.261986017227172852e-01
7.200000000000000000e+01 3.600000053644180298e+00 6.703937530517578125e+01 -2.550005035400390625e+02 3.376491367816925049e-02 -8.252536654472351074e-01 -3.418602049350738525e-03 -7.587432628497481346e-05 -7.377520203590393066e-03 2.595711871981620789e-02 4.310522973537445068e-01
7.300000000000000000e+01 3.650000054389238358e+00 6.699858856201171875e+01 -2.550006713867187500e+02 3.376026079058647156e-02 -8.093933463096618652e-01 -3.364045172929763794e-03 -4.920959327137097716e-05 -5.352333188056945801e-03 -2.425755187869071960e-02 -4.261763095855712891e-01
7.400000000000000000e+01 3.700000055134296417e+00 6.695765686035156250e+01 -2.550009155273437500e+02 3.376068174839019775e-02 -8.248617649078369141e-01 -3.446093061938881874e-03 -3.231048685847781599e-05 -4.323137924075126648e-03 2.544175274670124054e-02 4.310410022735595703e-01
7.500000000000000000e+01 3.750000055879354477e+00 6.691689300537109375e+01 -2.550010681152343750e+02 3.375751525163650513e-02 -8.090024590492248535e-01 -3.385420423001050949e-03 -2.168655373679939657e-05 -3.069855272769927979e-03 -2.456413395702838898e-02 -4.261699914932250977e-01
7.600000000000000000e+01 3.800000056624412537e+00 6.687596893310546875e+01 -2.550012969970703125e+02 3.375896438956260681e-02 -8.244703412055969238e-01 -3.463067114353179932e-03 -1.213073664985131472e-05 -2.540671033784747124e-03 2.522254362702369690e-02 4.310511350631713867e-01
7.700000000000000000e+01 3.850000057369470596e+00 6.683522796630859375e+01 -2.550014648437500000e+02 3.375640884041786194e-02 -8.086113333702087402e-01 -3.398597706109285355e-03 -8.306503332278225571e-06 -1.672922866418957710e-03 -2.480338327586650848e-02 -4.261824786663055420e-01
7.800000000000000000e+01 3.900000058114528656e+00 6.679432678222656250e+01 -2.550016937255859375e+02 3.375823795795440674e-02 -8.240789771080017090e-01 -3.473506774753332138e-03 -4.854201961279613897e-06 -1.506096916273236275e-03 2.510362863540649414e-02 4.310547709465026855e-01
7.900000000000000000e+01 3.950000058859586716e+00 6.675360107421875000e+01 -2.550018463134765625e+02 3.375598788261413574e-02 -8.082205653190612793e-01 -3.406981704756617546e-03 -3.280639475633506663e-06 -9.286895510740578175e-04 -2.488946728408336639e-02 -4.261898994445800781e-01
8.000000000000000000e+01 4.000000059604644775e+00 6.671272277832031250e+01 -2.550020904541015625e+02 3.375801071524620056e-02 -8.236880898475646973e-01 -3.480209270492196083e-03 -1.888275050987431314e-06 -9.126316872425377369e-04 2.502471394836902618e-02 4.310688376426696777e-01
8.100000000000000000e+01 4.050000060349702835e+00 6.667201232910156250e+01 -2.550022430419921875e+02 3.375583514571189880e-02 -8.078295588493347168e-01 -3.412442514672875404e-03 -1.258850033991620876e-06 -3.983693895861506462e-04 -2.491028234362602234e-02 -4.262085855007171631e-01
8.200000000000000000e+01 4.100000061094760895e+00 6.663115692138671875e+01 -2.550024719238281250e+02 3.375793248414993286e-02 -8.232970833778381348e-01 -3.484805114567279816e-03 -1.831054646572738420e-06 -5.729864351451396942e-04 2.499028295278549194e-02 4.310829341411590576e-01
8.300000000000000000e+01 4.150000061839818954e+00 6.659046936035156250e+01 -2.550026550292968750e+02 3.375576063990592957e-02 -8.074387907981872559e-01 -3.416173160076141357e-03 -1.249313299922505394e-06 -1.554668415337800980e-04 -2.495170943439006805e-02 -4.262188673019409180e-01
8.400000000000000000e+01 4.200000062584877014e+00 6.654963684082031250e+01 -2.550028686523437500e+02 3.375789523124694824e-02 -8.229062557220458984e-01 -3.488029818981885910e-03 -1.640319737816753332e-06 -3.021450247615575790e-04 2.496619150042533875e-02 4.310787320137023926e-01
8.500000000000000000e+01 4.250000063329935074e+00 6.650897216796875000e+01 -2.550030364990234375e+02 3.375571966171264648e-02 -8.070481419563293457e-01 -3.419103566557168961e-03 -6.675720101156912278e-07 2.736609167186543345e-05 -2.493733540177345276e-02 -4.262374043464660645e-01
8.600000000000000000e+01 4.300000064074993134e+00 6.646813964843750000e+01 -2.550032806396484375e+02 3.375785797834396362e-02 -8.225157260894775391e-01 -3.490644274279475212e-03 -1.335144020231382456e-06 -2.691103436518460512e-04 2.493512816727161407e-02 4.310929775238037109e-01
8.700000000000000000e+01 4.350000064820051193e+00 6.642750549316406250e+01 -2.550034332275390625e+02 3.375571966171264648e-02 -8.066579103469848633e-01 -3.421613713726401329e-03 -1.201629629576927982e-06 2.657880884271435207e-07 -2.493828907608985901e-02 -4.262379407882690430e-01
8.800000000000000000e+01 4.400000065565109253e+00 6.638669586181640625e+01 -2.550036621093750000e+02 3.375777974724769592e-02 -8.221255540847778320e-01 -3.492926945909857750e-03 -1.239776565853389911e-06 -2.478363458067178726e-04 2.496496029198169708e-02 4.310998022556304932e-01
8.900000000000000000e+01 4.450000066310167313e+00 6.634606933593750000e+01 -2.550038299560546875e+02 3.375568240880966187e-02 -8.062676787376403809e-01 -3.423681482672691345e-03 1.296997083954920527e-06 1.432573626516386867e-04 -2.496374957263469696e-02 -4.262711703777313232e-01
9.000000000000000000e+01 4.500000067055225372e+00 6.630529022216796875e+01 -2.550040588378906250e+02 3.375777974724769592e-02 -8.217354416847229004e-01 -3.495362820103764534e-03 -2.765655437997338595e-07 -1.431486598448827863e-04 2.497327886521816254e-02 4.311160147190093994e-01
9.100000000000000000e+01 4.550000067800283432e+00 6.626467895507812500e+01 -2.550042114257812500e+02 3.375564515590667725e-02 -8.058776855468750000e-01 -3.425737610086798668e-03 1.726150458125630394e-06 2.648034751473460346e-05 -2.494051866233348846e-02 -4.262837171554565430e-01
9.200000000000000000e+01 4.600000068545341492e+00 6.622392272949218750e+01 -2.550044403076171875e+02 3.375782072544097900e-02 -8.213456273078918457e-01 -3.497323952615261078e-03 -1.354217488369613420e-06 -1.159936145995743573e-04 2.496240846812725067e-02 4.311552941799163818e-01
9.300000000000000000e+01 4.650000069290399551e+00 6.618333435058593750e+01 -2.550046081542968750e+02 3.375568240880966187e-02 -8.054878115653991699e-01 -3.427713643759489059e-03 -2.861022778688493418e-07 1.155473728431388736e-04 -2.495320141315460205e-02 -4.262850880622863770e-01
9.400000000000000000e+01 4.700000070035457611e+00 6.614259338378906250e+01 -2.550048370361328125e+02 3.375782072544097900e-02 -8.209558725357055664e-01 -3.499255748465657234e-03 -1.783370976227161009e-06 -1.818292803363874555e-04 2.496399916708469391e-02 4.311716258525848389e-01
9.500000000000000000e+01 4.750000070780515671e+00 6.610202789306640625e+01 -2.550049896240234375e+02 3.375568240880966187e-02 -8.050978779792785645e-01 -3.429431002587080002e-03 2.145767211914062500e-06 6.191987631609663367e-05 -2.495341375470161438e-02 -4.263058602809906006e-01
9.600000000000000000e+01 4.800000071525573730e+00 6.606129455566406250e+01 -2.550052337646484375e+02 3.375793248414993286e-02 -8.205667138099670410e-01 -3.501279279589653015e-03 2.241134552605217323e-06 -5.892179160582600161e-06 2.496630139648914337e-02 4.312204420566558838e-01
9.700000000000000000e+01 4.850000072270631790e+00 6.602075195312500000e+01 -2.550053863525390625e+02 3.375556692481040955e-02 -8.047088980674743652e-01 -3.431302728131413460e-03 -2.527236802052357234e-06 7.628925959579646587e-05 -2.496920339763164520e-02 -4.262650907039642334e-01
9.800000000000000000e+01 4.900000073015689850e+00 6.598004913330078125e+01 -2.550056152343750000e+02 3.375789523124694824e-02 -8.201773166656494141e-01 -3.502619452774524689e-03 2.470016397637664340e-06 -3.323130295029841363e-05 2.496573701500892639e-02 4.312404692173004150e-01
9.900000000000000000e+01 4.950000073760747910e+00 6.593952178955078125e+01 -2.550057830810546875e+02 3.375556692481040955e-02 -8.043196201324462891e-01 -3.432746045291423798e-03 -2.717971710808342323e-06 1.086841148207895458e-04 -2.495270781219005585e-02 -4.262721836566925049e-01
1.000000000000000000e+02 5.000000074505805969e+00 6.589883422851562500e+01 -2.550060119628906250e+02 3.375789523124694824e-02 -8.197882771492004395e-01 -3.504338208585977554e-03 2.717971710808342323e-06 -6.908858631504699588e-05 2.496581152081489563e-02 4.312537908554077148e-01
1.010000000000000000e+02 5.050000075250864029e+00 6.585832214355468750e+01 -2.550061798095703125e+02 3.375560790300369263e-02 -8.039306402206420898e-01 -3.434539074078202248e-03 -2.431869461361202411e-06 7.891866698628291488e-05 -2.495154365897178650e-02 -4.262731373310089111e-01
1.020000000000000000e+02 5.100000075995922089e+00 6.581766510009765625e+01 -2.550063934326171875e+02 3.375789523124694824e-02 -8.193987607955932617e-01 -3.506516804918646812e-03 2.832412747011403553e-06 -1.257134135812520981e-04 2.494822815060615540e-02 4.312569499015808105e-01
