3.000000000000000000e+00 1.500000022351741791e-01 9.883701324462890625e+01 -2.559864044189453125e+02 6.484298501163721085e-03 -1.159431457519531250e+01 2.519051730632781982e-01 -8.327808231115341187e-02 3.664044141769409180e-01 -2.970900014042854309e-02 -6.078023910522460938e-01
4.000000000000000000e+00 2.000000029802322388e-01 9.825662994384765625e+01 -2.559715118408203125e+02 2.431373577564954758e-03 -1.161713314056396484e+01 3.253719210624694824e-01 -7.695429772138595581e-02 1.176361292600631714e-01 1.103967651724815369e-01 -3.310013115406036377e-01
5.000000000000000000e+00 2.500000037252902985e-01 9.767697143554687500e+01 -2.559539794921875000e+02 -1.038169837556779385e-03 -1.157636833190917969e+01 3.675304651260375977e-01 -6.307702511548995972e-02 -4.282738268375396729e-02 4.250197112560272217e-02 -1.723883301019668579e-01
6.000000000000000000e+00 3.000000044703483582e-01 9.709731292724609375e+01 -2.559348144531250000e+02 -3.783836262300610542e-03 -1.160344123840332031e+01 3.944548368453979492e-01 -4.866942390799522400e-02 -1.153796315193176270e-01 1.079677566885948181e-01 -9.231255948543548584e-02
7.000000000000000000e+00 3.500000052154064178e-01 9.651831817626953125e+01 -2.559147186279296875e+02 -5.853385664522647858e-03 -1.156369400024414062e+01 4.082260429859161377e-01 -3.626372292637825012e-02 -1.427737772464752197e-01 1.897693984210491180e-02 -4.787813127040863037e-02
8.000000000000000000e+00 4.000000059604644775e-01 9.593928527832031250e+01 -2.558940582275390625e+02 -7.380561437457799911e-03 -1.159143638610839844e+01 4.181472063064575195e-01 -2.643723972141742706e-02 -1.376778632402420044e-01 8.127499371767044067e-02 -2.558689005672931671e-02
9.000000000000000000e+00 4.500000067055225372e-01 9.536088562011718750e+01 -2.558730773925781250e+02 -8.479919284582138062e-03 -1.155207824707031250e+01 4.218274950981140137e-01 -1.900550723075866699e-02 -1.257215440273284912e-01 -3.857669187709689140e-03 -1.333578117191791534e-02
1.000000000000000000e+01 5.000000074505805969e-01 9.478243255615234375e+01 -2.558518829345703125e+02 -9.270629845559597015e-03 -1.158004856109619141e+01 4.257985949516296387e-01 -1.352820359170436859e-02 -1.039936989545822144e-01 6.253437697887420654e-02 -7.020699325948953629e-03
1.100000000000000000e+01 5.500000081956386566e-01 9.420460510253906250e+01 -2.558306121826171875e+02 -9.826698340475559235e-03 -1.154079341888427734e+01 4.259920418262481689e-01 -9.565400891005992889e-03 -8.781582117080688477e-02 -1.814562454819679260e-02 -3.733732970431447029e-03
1.200000000000000000e+01 6.000000089406967163e-01 9.362671661376953125e+01 -2.558092956542968750e+02 -1.022388413548469543e-02 -1.156888008117675781e+01 4.279370903968811035e-01 -6.737336982041597366e-03 -6.791383773088455200e-02 5.143176019191741943e-02 -1.889202161692082882e-03
1.300000000000000000e+01 6.500000096857547760e-01 9.304945373535156250e+01 -2.557879180908203125e+02 -1.049854233860969543e-02 -1.152961540222167969e+01 4.269612431526184082e-01 -4.727449268102645874e-03 -5.594921112060546875e-02 -2.652893960475921631e-02 -1.064091804437339306e-03
1.400000000000000000e+01 7.000000104308128357e-01 9.247211456298828125e+01 -2.557665557861328125e+02 -1.069576200097799301e-02 -1.155778980255126953e+01 4.282449483871459961e-01 -3.309984225779771805e-03 -4.121565073728561401e-02 4.511198401451110840e-02 -4.861042252741754055e-04
1.500000000000000000e+01 7.500000111758708954e-01 9.189540863037109375e+01 -2.557451934814453125e+02 -1.082912459969520569e-02 -1.151847362518310547e+01 4.268960952758789062e-01 -2.312698401510715485e-03 -3.438458219170570374e-02 -3.131501004099845886e-02 -3.154900041408836842e-04
1.600000000000000000e+01 8.000000119209289551e-01 9.131864166259765625e+01 -2.557238006591796875e+02 -1.092700939625501633e-02 -1.154673576354980469e+01 4.279814958572387695e-01 -1.615781802684068680e-03 -2.401144243776798248e-02 4.164778813719749451e-02 -1.178918464574962854e-04
1.700000000000000000e+01 8.500000126659870148e-01 9.074247741699218750e+01 -2.557024993896484375e+02 -1.099071465432643890e-02 -1.150734615325927734e+01 4.265248775482177734e-01 -1.126270275563001633e-03 -2.078553847968578339e-02 -3.401878848671913147e-02 -1.054233507602475584e-04
1.800000000000000000e+01 9.000000134110450745e-01 9.016624450683593750e+01 -2.556811523437500000e+02 -1.103988662362098694e-02 -1.153569889068603516e+01 4.275620579719543457e-01 -7.850074325688183308e-04 -1.338742859661579132e-02 3.977073356509208679e-02 -2.219836096628569067e-05
1.900000000000000000e+01 9.500000141561031342e-01 8.959066009521484375e+01 -2.556598205566406250e+02 -1.106952596455812454e-02 -1.149623298645019531e+01 4.260805547237396240e-01 -5.475711659528315067e-04 -1.265150029212236404e-02 -3.559973835945129395e-02 -4.003222784376703203e-05
2.000000000000000000e+01 1.000000014901161194e+00 8.901497650146484375e+01 -2.556384735107421875e+02 -1.109477970749139786e-02 -1.152467632293701172e+01 4.271145462989807129e-01 -3.810405614785850048e-04 -7.097017019987106323e-03 3.877199441194534302e-02 8.280637189272965770e-07
2.100000000000000000e+01 1.050000015646219254e+00 8.843992614746093750e+01 -2.556171569824218750e+02 -1.110782567411661148e-02 -1.148512554168701172e+01 4.256308972835540771e-01 -2.656269061844795942e-04 -7.912814617156982422e-03 -3.646751865744590759e-02 -1.699612766969949007e-05
2.200000000000000000e+01 1.100000016391277313e+00 8.786482238769531250e+01 -2.555958404541015625e+02 -1.112148258835077286e-02 -1.151366424560546875e+01 4.266727864742279053e-01 -1.849174441304057837e-04 -3.434843383729457855e-03 3.823192045092582703e-02 7.343653578573139384e-06
2.300000000000000000e+01 1.150000017136335373e+00 8.729032897949218750e+01 -2.555745391845703125e+02 -1.112644188106060028e-02 -1.147403144836425781e+01 4.251912534236907959e-01 -1.282691955566406250e-04 -5.088817793875932693e-03 -3.701860830187797546e-02 -5.948342277406482026e-06
2.400000000000000000e+01 1.200000017881393433e+00 8.671576690673828125e+01 -2.555532531738281250e+02 -1.113452855497598648e-02 -1.150266456604003906e+01 4.262419044971466064e-01 -9.026527550304308534e-05 -1.384105999022722244e-03 3.802007809281349182e-02 4.326268935983534902e-06
2.500000000000000000e+01 1.250000018626451492e+00 8.614183044433593750e+01 -2.555319824218750000e+02 -1.113544404506683350e-02 -1.146294975280761719e+01 4.247621297836303711e-01 -6.258010398596525192e-05 -3.454366000369191170e-03 -3.734513744711875916e-02 -8.151772817655000836e-06
2.600000000000000000e+01 1.300000019371509552e+00 8.556781768798828125e+01 -2.555107421875000000e+02 -1.114086154848337173e-02 -1.149168109893798828e+01 4.258202016353607178e-01 -4.420280311023816466e-05 -2.003804111154749990e-04 3.790963068604469299e-02 1.141063307841250207e-06
2.700000000000000000e+01 1.350000020116567612e+00 8.499443054199218750e+01 -2.554895019531250000e+02 -1.113990787416696548e-02 -1.145188236236572266e+01 4.243406653404235840e-01 -3.015518086613155901e-05 -2.515327185392379761e-03 -3.758522868156433105e-02 -4.803512638318352401e-06
2.800000000000000000e+01 1.400000020861625671e+00 8.442098236083984375e+01 -2.554682617187500000e+02 -1.114391256123781204e-02 -1.148070526123046875e+01 4.254048168659210205e-01 -2.104759187204763293e-05 5.341689684428274632e-04 3.790374472737312317e-02 3.730756134245893918e-06
2.900000000000000000e+01 1.450000021606683731e+00 8.384814453125000000e+01 -2.554470214843750000e+02 -1.114200521260499954e-02 -1.144082641601562500e+01 4.239241778850555420e-01 -1.425743084837449715e-05 -2.078839810565114021e-03 -3.772934153676033020e-02 1.252235961146652699e-06
3.000000000000000000e+01 1.500000022351741791e+00 8.327523040771484375e+01 -2.554257812500000000e+02 -1.114540081471204758e-02 -1.146974563598632812e+01 4.249934256076812744e-01 -9.231566764356102794e-06 8.785426034592092037e-04 3.801306337118148804e-02 3.928554633603198454e-06
3.100000000000000000e+01 1.550000023096799850e+00 8.270293426513671875e+01 -2.554045410156250000e+02 -1.114307343959808350e-02 -1.142978382110595703e+01 4.235109984874725342e-01 -7.066726539051160216e-06 -1.780805643647909164e-03 -3.788673877716064453e-02 -6.639928642471204512e-07
3.200000000000000000e+01 1.600000023841857910e+00 8.213058471679687500e+01 -2.553833465576171875e+02 -1.114616356790065765e-02 -1.145879650115966797e+01 4.245848357677459717e-01 -5.102157501823967323e-06 1.110583543777465820e-03 3.804413229227066040e-02 3.331646212245686911e-06
3.300000000000000000e+01 1.650000024586915970e+00 8.155883789062500000e+01 -2.553621673583984375e+02 -1.114353165030479431e-02 -1.141875171661376953e+01 4.231000840663909912e-01 -3.862380708596901968e-06 -1.646592398174107075e-03 -3.797939792275428772e-02 -1.056624000739248004e-06
3.400000000000000000e+01 1.700000025331974030e+00 8.098702239990234375e+01 -2.553409729003906250e+02 -1.114650722593069077e-02 -1.144786071777343750e+01 4.241779148578643799e-01 -1.697540255918283947e-06 1.238865777850151062e-03 3.813335672020912170e-02 2.867361445169080980e-06
3.500000000000000000e+01 1.750000026077032089e+00 8.041584014892578125e+01 -2.553198242187500000e+02 -1.114379893988370895e-02 -1.140773296356201172e+01 4.226905107498168945e-01 -2.193450882259639911e-06 -1.463092863559722900e-03 -3.811492025852203369e-02 -1.716553697406197898e-06
3.600000000000000000e+01 1.800000026822090149e+00 7.984456634521484375e+01 -2.552986602783203125e+02 -1.114665996283292770e-02 -1.143693542480468750e+01 4.237720370292663574e-01 -1.764297394402092323e-06 1.315102563239634037e-03 3.820188716053962708e-02 -1.116634962272655685e-06
3.700000000000000000e+01 1.850000027567148209e+00 7.927392578125000000e+01 -2.552775268554687500e+02 -1.114395074546337128e-02 -1.139672851562500000e+01 4.222818315029144287e-01 -1.506805347162298858e-06 -1.528228516690433025e-03 -3.823806345462799072e-02 -1.892284444693359546e-07
3.800000000000000000e+01 1.900000028312206268e+00 7.870320892333984375e+01 -2.552563781738281250e+02 -1.114681176841259003e-02 -1.142602634429931641e+01 4.233673512935638428e-01 -1.363754222438728902e-06 1.478214515373110771e-03 3.830030187964439392e-02 2.869612899303319864e-06
3.900000000000000000e+01 1.950000029057264328e+00 7.813312530517578125e+01 -2.552352447509765625e+02 -1.114402711391448975e-02 -1.138573551177978516e+01 4.218742251396179199e-01 -1.478195144954952411e-06 -1.421689987182617188e-03 -3.830824047327041626e-02 -1.780461957423540298e-06
4.000000000000000000e+01 2.000000029802322388e+00 7.756295013427734375e+01 -2.552140960693359375e+02 -1.114684995263814926e-02 -1.141512775421142578e+01 4.229631721973419189e-01 -1.649856585572706535e-06 1.371606485918164253e-03 3.838323801755905151e-02 6.101184908402501605e-07
4.100000000000000000e+01 2.050000030547380447e+00 7.699340820312500000e+01 -2.551929779052734375e+02 -1.114406529814004898e-02 -1.137475776672363281e+01 4.214672744274139404e-01 -1.478195144954952411e-06 -1.485260436311364174e-03 -3.842264786362648010e-02 -1.515430540166562423e-06
4.200000000000000000e+01 2.100000031292438507e+00 7.642378234863281250e+01 -2.551718902587890625e+02 -1.114688813686370850e-02 -1.140424537658691406e+01 4.225598573684692383e-01 -8.869171210790227633e-07 1.470964751206338406e-03 3.851612657308578491e-02 4.329881448938976973e-06
4.300000000000000000e+01 2.150000032037496567e+00 7.585478973388671875e+01 -2.551508026123046875e+02 -1.114406529814004898e-02 -1.136379146575927734e+01 4.210607409477233887e-01 -1.554489131194713991e-06 -1.443040790036320686e-03 -3.855958953499794006e-02 -3.637014970081509091e-06
4.400000000000000000e+01 2.200000032782554626e+00 7.528569793701171875e+01 -2.551297149658203125e+02 -1.114688813686370850e-02 -1.139337253570556641e+01 4.221567809581756592e-01 -1.401901158715190832e-06 1.404958427883684635e-03 3.859123960137367249e-02 1.077221327250299510e-06
4.500000000000000000e+01 2.250000033527612686e+00 7.471724700927734375e+01 -2.551086883544921875e+02 -1.114406529814004898e-02 -1.135283946990966797e+01 4.206548333168029785e-01 -1.811981178434507456e-06 -1.466338057070970535e-03 -3.861352428793907166e-02 -3.171631533405161463e-06
4.600000000000000000e+01 2.300000034272670746e+00 7.414871215820312500e+01 -2.550876312255859375e+02 -1.114692632108926773e-02 -1.138251399993896484e+01 4.217543601989746094e-01 -6.580352760465757456e-07 1.455852878279983997e-03 3.868384659290313721e-02 5.472532507155847270e-07
4.700000000000000000e+01 2.350000035017728806e+00 7.358081054687500000e+01 -2.550665893554687500e+02 -1.114410348236560822e-02 -1.134189796447753906e+01 4.202494025230407715e-01 -9.250640573554846924e-07 -1.416570274159312248e-03 -3.869229182600975037e-02 -3.768005171878030524e-06
4.800000000000000000e+01 2.400000035762786865e+00 7.301281738281250000e+01 -2.550455474853515625e+02 -1.114692632108926773e-02 -1.137166690826416016e+01 4.213525354862213135e-01 -6.008148147884639911e-07 1.446184352971613407e-03 3.879844769835472107e-02 2.738916236921795644e-06
4.900000000000000000e+01 2.450000036507844925e+00 7.244546508789062500e+01 -2.550245056152343750e+02 -1.114410348236560822e-02 -1.133096885681152344e+01 4.198444187641143799e-01 -1.449584942747605965e-06 -1.432231627404689789e-03 -3.882976993918418884e-02 -3.369116484464029782e-06
5.000000000000000000e+01 2.500000037252902985e+00 7.254647064208984375e+01 -2.550120239257812500e+02 -1.886077784001827240e-02 4.915062427520751953e+00 1.959495842456817627e-01 -2.209658324718475342e-01 -5.688179492950439453e+00 -9.323525428771972656e+00 1.185250663757324219e+01
5.100000000000000000e+01 2.550000037997961044e+00 7.279876708984375000e+01 -2.550049591064453125e+02 -2.239787951111793518e-02 5.044878482818603516e+00 2.769420482218265533e-02 -2.729670517146587372e-02 8.545827269554138184e-01 2.650630772113800049e-01 6.065656661987304688e+00
5.200000000000000000e+01 2.600000038743019104e+00 7.304664611816406250e+01 -2.550035858154296875e+02 -2.220287360250949860e-02 4.937453746795654297e+00 -4.376371577382087708e-02 4.484377801418304443e-02 2.142547845840454102e+00 3.267387866973876953e+00 3.604728937149047852e+00
5.300000000000000000e+01 2.650000039488077164e+00 7.329511260986328125e+01 -2.550053100585937500e+02 -2.047199197113513947e-02 5.021367549896240234e+00 -7.533488422632217407e-02 6.329312920570373535e-02 2.039458513259887695e+00 2.991981029510498047e+00 1.671960473060607910e+00
5.400000000000000000e+01 2.700000040233135223e+00 7.354282379150390625e+01 -2.550083465576171875e+02 -1.844570040702819824e-02 4.942198276519775391e+00 -8.434949815273284912e-02 6.010781973600387573e-02 1.692009329795837402e+00 2.804853916168212891e+00 7.897452712059020996e-01
5.500000000000000000e+01 2.750000040978193283e+00 7.379141998291015625e+01 -2.550119934082031250e+02 -1.658546365797519684e-02 5.017459392547607422e+00 -8.812145143747329712e-02 4.985220730304718018e-02 1.328380227088928223e+00 1.932888984680175781e+00 3.854132592678070068e-01
5.600000000000000000e+01 2.800000041723251343e+00 7.403929901123046875e+01 -2.550158538818359375e+02 -1.509521435946226120e-02 4.937431812286376953e+00 -8.631375432014465332e-02 3.868976607918739319e-02 1.027995228767395020e+00 1.685299038887023926e+00 1.791170835494995117e-01
5.700000000000000000e+01 2.850000042468309402e+00 7.428799438476562500e+01 -2.550198211669921875e+02 -1.394336670637130737e-02 5.013131618499755859e+00 -8.604798465967178345e-02 2.891559526324272156e-02 7.811123728752136230e-01 1.052209019660949707e+00 8.688867092132568359e-02
5.800000000000000000e+01 2.900000043213367462e+00 7.453587341308593750e+01 -2.550238037109375000e+02 -1.311160996556282043e-02 4.931604385375976562e+00 -8.320233970880508423e-02 2.111472003161907196e-02 5.955576300621032715e-01 9.712473154067993164e-01 3.514022752642631531e-02
5.900000000000000000e+01 2.950000043958425522e+00 7.478450775146484375e+01 -2.550277709960937500e+02 -1.250225026160478592e-02 5.008459568023681641e+00 -8.302579820156097412e-02 1.518721505999565125e-02 4.473819136619567871e-01 5.363738536834716797e-01 1.656683906912803650e-02
6.000000000000000000e+01 3.000000044703483582e+00 7.503227233886718750e+01 -2.550317077636718750e+02 -1.208568550646305084e-02 4.926006793975830078e+00 -8.062026649713516235e-02 1.081110909581184387e-02 3.403882086277008057e-01 5.701721906661987305e-01 3.615879686549305916e-03
6.100000000000000000e+01 3.050000045448541641e+00 7.528076171875000000e+01 -2.550356597900390625e+02 -1.178367622196674347e-02 5.003646850585937500e+00 -8.096020668745040894e-02 7.644528988748788834e-03 2.538706064224243164e-01 2.514178752899169922e-01 1.387565513141453266e-03
6.200000000000000000e+01 3.100000046193599701e+00 7.552835083007812500e+01 -2.550395660400390625e+02 -1.158733386546373367e-02 4.920678138732910156e+00 -7.899685949087142944e-02 5.381145514547824860e-03 1.938760280609130859e-01 3.506695628166198730e-01 -1.884945551864802837e-03
6.300000000000000000e+01 3.150000046938657761e+00 7.577666473388671875e+01 -2.550434722900390625e+02 -1.144130714237689972e-02 4.998779773712158203e+00 -7.971111685037612915e-02 3.776368917897343636e-03 1.433846652507781982e-01 9.602878242731094360e-02 -1.193295815028250217e-03
6.400000000000000000e+01 3.200000047683715820e+00 7.602404785156250000e+01 -2.550473785400390625e+02 -1.135353092104196548e-02 4.915519714355468750e+00 -7.802920788526535034e-02 2.643318148329854012e-03 1.105272322893142700e-01 2.312201708555221558e-01 -2.050568349659442902e-03
6.500000000000000000e+01 3.250000048428773880e+00 7.627213287353515625e+01 -2.550512695312500000e+02 -1.128299720585346222e-02 4.993894100189208984e+00 -7.896750420331954956e-02 1.846952363848686218e-03 8.078113943338394165e-02 1.153900381177663803e-02 -1.128142466768622398e-03
6.600000000000000000e+01 3.300000049173831940e+00 7.651928710937500000e+01 -2.550551452636718750e+02 -1.124671939760446548e-02 4.910461425781250000e+00 -7.744819670915603638e-02 1.289777690544724464e-03 6.320991367101669312e-02 1.662510633468627930e-01 -1.385134179145097733e-03
6.700000000000000000e+01 3.350000049918889999e+00 7.676715087890625000e+01 -2.550590362548828125e+02 -1.121139526367187500e-02 4.988992691040039062e+00 -7.851412892341613770e-02 8.992194780148565769e-04 4.514220356941223145e-02 -3.437832742929458618e-02 -7.314112153835594654e-04
6.800000000000000000e+01 3.400000050663948059e+00 7.701406860351562500e+01 -2.550629119873046875e+02 -1.119903568178415298e-02 4.905456066131591797e+00 -7.708655297756195068e-02 6.268024444580078125e-04 3.645328804850578308e-02 1.309736669063568115e-01 -7.957529742270708084e-04
6.900000000000000000e+01 3.450000051409006119e+00 7.726168060302734375e+01 -2.550667572021484375e+02 -1.117984764277935028e-02 4.984083652496337891e+00 -7.822455465793609619e-02 4.368400550447404385e-04 2.496707066893577576e-02 -5.936750769615173340e-02 -4.690365458372980356e-04
7.000000000000000000e+01 3.500000052154064178e+00 7.750835418701171875e+01 -2.550706024169921875e+02 -1.117809303104877472e-02 4.900476455688476562e+00 -7.684843987226486206e-02 3.034591500181704760e-04 2.131169289350509644e-02 1.118384972214698792e-01 -4.666844615712761879e-04
7.100000000000000000e+01 3.550000052899122238e+00 7.775572967529296875e+01 -2.550744476318359375e+02 -1.116622891277074814e-02 4.979174613952636719e+00 -7.802737504243850708e-02 2.120685530826449394e-04 1.358661148697137833e-02 -7.294222712516784668e-02 -2.197521243942901492e-04
7.200000000000000000e+01 3.600000053644180298e+00 7.800216674804687500e+01 -2.550782928466796875e+02 -1.116931904107332230e-02 4.895515441894531250e+00 -7.668025046586990356e-02 1.468372356612235308e-04 1.271915901452302933e-02 1.014811992645263672e-01 -2.584617468528449535e-04
7.300000000000000000e+01 3.650000054389238358e+00 7.824930572509765625e+01 -2.550821685791015625e+02 -1.116065960377454758e-02 4.974263191223144531e+00 -7.788246124982833862e-02 1.026821119012311101e-04 7.090776693075895309e-03 -8.032008260488510132e-02 -1.239233533851802349e-04
7.400000000000000000e+01 3.700000055134296417e+00 7.849549865722656250e+01 -2.550860137939453125e+02 -1.116580981761217117e-02 4.890563011169433594e+00 -7.655134797096252441e-02 7.171630568336695433e-05 7.708353456109762192e-03 9.583092480897903442e-02 -2.123684389516711235e-04
7.500000000000000000e+01 3.750000055879354477e+00 7.874239349365234375e+01 -2.550898742675781250e+02 -1.115840859711170197e-02 4.969354152679443359e+00 -7.776684314012527466e-02 5.081176641397178173e-05 3.470311174169182777e-03 -8.437357842922210693e-02 -8.780972711974754930e-05
7.600000000000000000e+01 3.800000056624412537e+00 7.898833465576171875e+01 -2.550937194824218750e+02 -1.116443611681461334e-02 4.885617256164550781e+00 -7.644494622945785522e-02 3.471374293440021574e-05 4.969942849129438400e-03 9.279415756464004517e-02 -8.837694622343406081e-05
7.700000000000000000e+01 3.850000057369470596e+00 7.923498535156250000e+01 -2.550975952148437500e+02 -1.115760765969753265e-02 4.964447975158691406e+00 -7.766819000244140625e-02 2.484321521478705108e-05 1.326459692791104317e-03 -8.657919615507125854e-02 -5.906350997975096107e-05
7.800000000000000000e+01 3.900000058114528656e+00 7.948069763183593750e+01 -2.551014404296875000e+02 -1.116393972188234329e-02 4.880675315856933594e+00 -7.635100930929183960e-02 1.565933234815020114e-05 3.386847907677292824e-03 9.116452932357788086e-02 -7.901598291937261820e-05
7.900000000000000000e+01 3.950000058859586716e+00 7.972710418701171875e+01 -2.551053009033203125e+02 -1.115737855434417725e-02 4.959541320800781250e+00 -7.757902145385742188e-02 1.230239831784274429e-05 1.240072742803022265e-04 -8.777335286140441895e-02 4.372892817627871409e-06
8.000000000000000000e+01 4.000000059604644775e+00 7.997256469726562500e+01 -2.551091613769531250e+02 -1.116393972188234329e-02 4.875737667083740234e+00 -7.626423984766006470e-02 8.926391274144407362e-06 2.641617320477962494e-03 9.028754383325576782e-02 -4.817127410206012428e-05
8.100000000000000000e+01 4.050000060349702835e+00 8.021871948242187500e+01 -2.551130218505859375e+02 -1.115734037011861801e-02 4.954640865325927734e+00 -7.749524712562561035e-02 5.578994660027092323e-06 -5.621344316750764847e-04 -8.845102787017822266e-02 -1.131029512180248275e-05
8.200000000000000000e+01 4.100000061094760895e+00 8.046392059326171875e+01 -2.551168670654296875e+02 -1.116393972188234329e-02 4.870804786682128906e+00 -7.618191093206405640e-02 4.997253199690021574e-06 2.058782149106264114e-03 8.980912715196609497e-02 -2.026071160798892379e-05
8.300000000000000000e+01 4.150000061839818954e+00 8.070983123779296875e+01 -2.551207427978515625e+02 -1.115741673856973648e-02 4.949740409851074219e+00 -7.741467654705047607e-02 3.614425622799899429e-06 -9.339989046566188335e-04 -8.883856981992721558e-02 -8.000250090844929218e-06
8.400000000000000000e+01 4.200000062584877014e+00 8.095478820800781250e+01 -2.551245880126953125e+02 -1.116390246897935867e-02 4.865875720977783203e+00 -7.610186934471130371e-02 1.974105771296308376e-06 1.708356780000030994e-03 8.957297354936599731e-02 9.230775503965560347e-06
8.500000000000000000e+01 4.250000063329935074e+00 8.120045471191406250e+01 -2.551284484863281250e+02 -1.115745492279529572e-02 4.944844245910644531e+00 -7.733593881130218506e-02 1.220703097715158947e-06 -1.083818264305591583e-03 -8.906300365924835205e-02 5.538256118597928435e-06
8.600000000000000000e+01 4.300000064074993134e+00 8.144516754150390625e+01 -2.551322937011718750e+02 -1.116405427455902100e-02 4.860948085784912109e+00 -7.602313160896301270e-02 1.544952397125598509e-06 1.639902358874678612e-03 8.952956646680831909e-02 -2.767325531749520451e-05
8.700000000000000000e+01 4.350000064820051193e+00 8.169059753417968750e+01 -2.551361694335937500e+02 -1.115745492279529572e-02 4.939952373504638672e+00 -7.725804299116134644e-02 1.487731879024067894e-06 -1.228513894602656364e-03 -8.918408304452896118e-02 -1.570828499097842723e-05
8.800000000000000000e+01 4.400000065565109253e+00 8.193506622314453125e+01 -2.551400146484375000e+02 -1.116405427455902100e-02 4.856024265289306641e+00 -7.594507187604904175e-02 1.525878815300529823e-06 1.471376046538352966e-03 8.944159001111984253e-02 -4.227372119203209877e-05
8.900000000000000000e+01 4.450000066310167313e+00 8.218024444580078125e+01 -2.551438751220703125e+02 -1.115745492279529572e-02 4.935060501098632812e+00 -7.718077301979064941e-02 1.058578504853358027e-06 -1.279329881072044373e-03 -8.931748569011688232e-02 -1.305432215303881094e-05
9.000000000000000000e+01 4.500000067055225372e+00 8.242448425292968750e+01 -2.551477355957031250e+02 -1.116401609033346176e-02 4.851106166839599609e+00 -7.586769759654998779e-02 1.688003521849168465e-06 1.439915620721876621e-03 8.943308889865875244e-02 2.106455394823569804e-05
9.100000000000000000e+01 4.550000067800283432e+00 8.266941833496093750e+01 -2.551515350341796875e+02 -1.115753129124641418e-02 4.930174827575683594e+00 -7.710403949022293091e-02 8.869171210790227633e-07 -1.399475615471601486e-03 -8.939269930124282837e-02 -1.411800258210860193e-05
9.200000000000000000e+01 4.600000068545341492e+00 8.291340637207031250e+01 -2.551553497314453125e+02 -1.116409245878458023e-02 4.846189975738525391e+00 -7.579042017459869385e-02 1.478195144954952411e-06 1.386199612170457840e-03 8.944927155971527100e-02 3.075771019211970270e-05
9.300000000000000000e+01 4.650000069290399551e+00 8.315806579589843750e+01 -2.551591491699218750e+02 -1.115753129124641418e-02 4.925291538238525391e+00 -7.702745497226715088e-02 1.592636067471175920e-06 -1.295773661695420742e-03 -8.941658586263656616e-02 -1.239676657860400155e-05
9.400000000000000000e+01 4.700000070035457611e+00 8.340178680419921875e+01 -2.551629638671875000e+02 -1.116405427455902100e-02 4.841277122497558594e+00 -7.571353018283843994e-02 2.098083484725066228e-07 1.406883820891380310e-03 8.945271372795104980e-02 -2.660539939824957401e-05
9.500000000000000000e+01 4.750000070780515671e+00 8.364622497558593750e+01 -2.551667785644531250e+02 -1.115749310702085495e-02 4.920413017272949219e+00 -7.695102691650390625e-02 5.531310875994677190e-07 -1.425010501407086849e-03 -8.946605771780014038e-02 -3.841974466922692955e-05
9.600000000000000000e+01 4.800000071525573730e+00 8.388972473144531250e+01 -2.551705780029296875e+02 -1.116405427455902100e-02 4.836367130279541016e+00 -7.563664019107818604e-02 -9.536742950899679272e-09 1.446973299607634544e-03 8.949645608663558960e-02 -1.438789422536501661e-05
9.700000000000000000e+01 4.850000072270631790e+00 8.413392639160156250e+01 -2.551743927001953125e+02 -1.115749310702085495e-02 4.915535926818847656e+00 -7.687480747699737549e-02 6.389617510649259202e-07 -1.368919503875076771e-03 -8.950929343700408936e-02 -1.478443209634860978e-05
9.800000000000000000e+01 4.900000073015689850e+00 8.437717437744140625e+01 -2.551781921386718750e+02 -1.116405427455902100e-02 4.831459999084472656e+00 -7.555993646383285522e-02 7.057190032355720177e-07 1.374104875139892101e-03 8.953368663787841797e-02 2.796899934764951468e-05
9.900000000000000000e+01 4.950000073760747910e+00 8.462113189697265625e+01 -2.551820068359375000e+02 -1.115749310702085495e-02 4.910662651062011719e+00 -7.679854333400726318e-02 7.057190032355720177e-07 -1.350696897134184837e-03 -8.953661471605300903e-02 -4.430919489095686004e-06
1.000000000000000000e+02 5.000000074505805969e+00 8.486413574218750000e+01 -2.551858215332031250e+02 -1.116405427455902100e-02 4.826558113098144531e+00 -7.548323273658752441e-02 1.010894720820942894e-06 1.366902375593781471e-03 8.954321593046188354e-02 2.942639548564329743e-05
1.010000000000000000e+02 5.050000075250864029e+00 8.510784912109375000e+01 -2.551896209716796875e+02 -1.115749310702085495e-02 4.905794620513916016e+00 -7.672233134508132935e-02 8.106231348392611835e-07 -1.333635649643838406e-03 -8.957292139530181885e-02 6.100932523622759618e-07
1.020000000000000000e+02 5.100000075995922089e+00 8.535061645507812500e+01 -2.551934356689453125e+02 -1.116405427455902100e-02 4.821660518646240234e+00 -7.540649175643920898e-02 1.125335643337166402e-06 1.379546360112726688e-03 8.956647664308547974e-02 6.318968189589213580e-06
