3.000000000000000000e+00 1.500000022351741791e-01 1.075553588867187500e+02 -2.530128631591796875e+02 3.856715932488441467e-02 -2.439142990112304688e+01 -2.547153532505035400e-01 -1.866427436470985413e-02 -7.677246332168579102e-01 -3.305118530988693237e-02 6.552583575248718262e-01
4.000000000000000000e+00 2.000000029802322388e-01 1.063362503051757812e+02 -2.530289154052734375e+02 3.758865222334861755e-02 -2.437474060058593750e+01 -3.630153238773345947e-01 -1.793854683637619019e-02 -4.016629159450531006e-01 1.618137210607528687e-01 4.593698382377624512e-01
5.000000000000000000e+00 2.500000037252902985e-01 1.051179275512695312e+02 -2.530495910644531250e+02 3.669296205043792725e-02 -2.435873985290527344e+01 -4.466654062271118164e-01 -1.496520917862653732e-02 -1.279244273900985718e-01 1.925208717584609985e-01 3.082413375377655029e-01
6.000000000000000000e+00 3.000000044703483582e-01 1.039003906250000000e+02 -2.530738067626953125e+02 3.596542403101921082e-02 -2.434329605102539062e+01 -5.105890035629272461e-01 -1.165675092488527298e-02 5.010824277997016907e-02 1.714255511760711670e-01 2.013078480958938599e-01
7.000000000000000000e+00 3.500000052154064178e-01 1.026836318969726562e+02 -2.531007232666015625e+02 3.540778905153274536e-02 -2.432829856872558594e+01 -5.589956045150756836e-01 -8.735904470086097717e-03 1.560210585594177246e-01 1.389360725879669189e-01 1.285648941993713379e-01
8.000000000000000000e+00 4.000000059604644775e-01 1.014676284790039062e+02 -2.531296997070312500e+02 3.499370440840721130e-02 -2.431365013122558594e+01 -5.953575372695922852e-01 -6.392278708517551422e-03 2.110669165849685669e-01 1.081698015332221985e-01 8.020518720149993896e-02
9.000000000000000000e+00 4.500000067055225372e-01 1.002523498535156250e+02 -2.531602020263671875e+02 3.469226881861686707e-02 -2.429927444458007812e+01 -6.224665045738220215e-01 -4.602470435202121735e-03 2.323206514120101929e-01 8.275807648897171021e-02 4.862771183252334595e-02
1.000000000000000000e+01 5.000000074505805969e-01 9.903778076171875000e+01 -2.531918640136718750e+02 3.447563201189041138e-02 -2.428511619567871094e+01 -6.425274014472961426e-01 -3.281154669821262360e-03 2.318912893533706665e-01 6.281174719333648682e-02 2.836346626281738281e-02
1.100000000000000000e+01 5.500000081956386566e-01 9.782393646240234375e+01 -2.532243652343750000e+02 3.432086855173110962e-02 -2.427111816406250000e+01 -6.572593450546264648e-01 -2.324266359210014343e-03 2.186015695333480835e-01 4.752416163682937622e-02 1.561436522752046585e-02
1.200000000000000000e+01 6.000000089406967163e-01 9.661077880859375000e+01 -2.532574920654296875e+02 3.421115875244140625e-02 -2.425724792480468750e+01 -6.679890155792236328e-01 -1.637563691474497318e-03 1.982859373092651367e-01 3.592011705040931702e-02 7.794353645294904709e-03
1.300000000000000000e+01 6.500000096857547760e-01 9.539831542968750000e+01 -2.532910919189453125e+02 3.413352742791175842e-02 -2.424347305297851562e+01 -6.757309436798095703e-01 -1.150798751041293144e-03 1.748883575201034546e-01 2.713099122047424316e-02 3.154053352773189545e-03
1.400000000000000000e+01 7.000000104308128357e-01 9.418653869628906250e+01 -2.533249969482421875e+02 3.407871350646018982e-02 -2.422977638244628906e+01 -6.812553405761718750e-01 -8.070087060332298279e-04 1.512102186679840088e-01 2.050198614597320557e-02 5.276122246868908405e-04
1.500000000000000000e+01 7.500000111758708954e-01 9.297546386718750000e+01 -2.533591156005859375e+02 3.404014557600021362e-02 -2.421613693237304688e+01 -6.851427555084228516e-01 -5.646609934046864510e-04 1.285335868597030640e-01 1.548770815134048462e-02 -8.443825645372271538e-04
1.600000000000000000e+01 8.000000119209289551e-01 9.176505279541015625e+01 -2.533934173583984375e+02 3.401298448443412781e-02 -2.420254898071289062e+01 -6.878286600112915039e-01 -3.946876386180520058e-04 1.077656671404838562e-01 1.170167513191699982e-02 -1.464423490688204765e-03
1.700000000000000000e+01 8.500000126659870148e-01 9.055532836914062500e+01 -2.534278411865234375e+02 3.399387374520301819e-02 -2.418899345397949219e+01 -6.896373629570007324e-01 -2.737140457611531019e-04 8.943605422973632812e-02 8.881583809852600098e-03 -1.646358752623200417e-03
1.800000000000000000e+01 9.000000134110450745e-01 8.934629058837890625e+01 -2.534623260498046875e+02 3.398033231496810913e-02 -2.417546653747558594e+01 -6.908087134361267090e-01 -1.914501190185546875e-04 7.353591918945312500e-02 6.726447958499193192e-03 -1.590986968949437141e-03
1.900000000000000000e+01 9.500000141561031342e-01 8.813790893554687500e+01 -2.534968719482421875e+02 3.397090733051300049e-02 -2.416196250915527344e+01 -6.915200948715209961e-01 -1.336193090537562966e-04 5.987337604165077209e-02 5.069432314485311508e-03 -1.417630119249224663e-03
2.000000000000000000e+01 1.000000014901161194e+00 8.693021392822265625e+01 -2.535314178466796875e+02 3.396423161029815674e-02 -2.414848518371582031e+01 -6.919010877609252930e-01 -9.428024350199848413e-05 4.857281595468521118e-02 3.867736086249351501e-03 -1.198964542709290981e-03
2.100000000000000000e+01 1.050000015646219254e+00 8.572319030761718750e+01 -2.535659637451171875e+02 3.395961597561836243e-02 -2.413502883911132812e+01 -6.920466423034667969e-01 -6.517409929074347019e-05 3.898020461201667786e-02 2.933391137048602104e-03 -9.754974162206053734e-04
2.200000000000000000e+01 1.100000016391277313e+00 8.451683044433593750e+01 -2.536005401611328125e+02 3.395622223615646362e-02 -2.412158393859863281e+01 -6.920251250267028809e-01 -4.519462527241557837e-05 3.122464753687381744e-02 2.239041030406951904e-03 -7.691518403589725494e-04
2.300000000000000000e+01 1.150000017136335373e+00 8.331114959716796875e+01 -2.536350860595703125e+02 3.395400941371917725e-02 -2.410815620422363281e+01 -6.918864846229553223e-01 -3.088951052632182837e-05 2.486215531826019287e-02 1.697465428151190281e-03 -5.891446489840745926e-04
2.400000000000000000e+01 1.200000017881393433e+00 8.210614013671875000e+01 -2.536696624755859375e+02 3.395229205489158630e-02 -2.409473800659179688e+01 -6.916660666465759277e-01 -2.216339089500252157e-05 1.982911489903926849e-02 1.319061033427715302e-03 -4.385361389722675085e-04
2.500000000000000000e+01 1.250000018626451492e+00 8.090180206298828125e+01 -2.537042388916015625e+02 3.395114839076995850e-02 -2.408134269714355469e+01 -6.913891434669494629e-01 -1.649856494623236358e-05 1.555647887289524078e-02 9.802188724279403687e-04 -3.144000365864485502e-04
2.600000000000000000e+01 1.300000019371509552e+00 7.969813537597656250e+01 -2.537387847900390625e+02 3.395034745335578918e-02 -2.406795310974121094e+01 -6.910739541053771973e-01 -1.210212667501764372e-05 1.224036980420351028e-02 7.548306602984666824e-04 -2.155342372134327888e-04
2.700000000000000000e+01 1.350000020116567612e+00 7.849513244628906250e+01 -2.537733612060546875e+02 3.394973650574684143e-02 -2.405457496643066406e+01 -6.907327771186828613e-01 -8.239745511673390865e-06 9.545696899294853210e-03 5.676922155544161797e-04 -1.369952515233308077e-04
2.800000000000000000e+01 1.400000020861625671e+00 7.729280853271484375e+01 -2.538079071044921875e+02 3.394927829504013062e-02 -2.404121208190917969e+01 -6.903746128082275391e-01 -5.378723017201991752e-06 7.566024083644151688e-03 4.650824412237852812e-04 -7.683695002924650908e-05
2.900000000000000000e+01 1.450000021606683731e+00 7.609114837646484375e+01 -2.538423767089843750e+02 3.394901379942893982e-02 -2.402786254882812500e+01 -6.900055408477783203e-01 -3.890991138177923858e-06 5.870851688086986542e-03 3.530987014528363943e-04 -3.128304888377897441e-05
3.000000000000000000e+01 1.500000022351741791e+00 7.489015197753906250e+01 -2.538768463134765625e+02 3.394874557852745056e-02 -2.401452064514160156e+01 -6.896295547485351562e-01 -3.099441528320312500e-06 4.549506586045026779e-03 2.654890413396060467e-04 3.420634357098606415e-06
3.100000000000000000e+01 1.550000023096799850e+00 7.368983459472656250e+01 -2.539113159179687500e+02 3.394863009452819824e-02 -2.400119018554687500e+01 -6.892495751380920410e-01 -8.869171210790227633e-07 3.537717973813414574e-03 2.098337572533637285e-04 2.920854785770643502e-05
3.200000000000000000e+01 1.600000023841857910e+00 7.249016571044921875e+01 -2.539458007812500000e+02 3.394851461052894592e-02 -2.398787879943847656e+01 -6.888674497604370117e-01 -1.535415663056483027e-06 2.704198472201824188e-03 1.567298750160261989e-04 4.708693813881836832e-05
3.300000000000000000e+01 1.650000024586915970e+00 7.129117584228515625e+01 -2.539802703857421875e+02 3.394844010472297668e-02 -2.397457695007324219e+01 -6.884844303131103516e-01 -1.020431454890058376e-06 2.080753212794661522e-03 1.277577102882787585e-04 6.125415529822930694e-05
3.400000000000000000e+01 1.700000025331974030e+00 7.009284210205078125e+01 -2.540146484375000000e+02 3.394836187362670898e-02 -2.396128273010253906e+01 -6.881011128425598145e-01 -2.107620275637600571e-06 1.613547792658209801e-03 1.098438078770413995e-04 7.116116466931998730e-05
3.500000000000000000e+01 1.750000026077032089e+00 6.889517974853515625e+01 -2.540490112304687500e+02 3.394828736782073975e-02 -2.394800186157226562e+01 -6.877182126045227051e-01 -4.863738922722404823e-07 1.263669808395206928e-03 1.230026246048510075e-04 7.866290980018675327e-05
3.600000000000000000e+01 1.800000026822090149e+00 6.769817352294921875e+01 -2.540833892822265625e+02 3.394832462072372437e-02 -2.393473243713378906e+01 -6.873357295989990234e-01 -1.783370976227161009e-06 9.190515265800058842e-04 7.710479258093982935e-05 8.381876250496134162e-05
3.700000000000000000e+01 1.850000027567148209e+00 6.650183868408203125e+01 -2.541177673339843750e+02 3.394832462072372437e-02 -2.392147827148437500e+01 -6.869539618492126465e-01 -1.544952397125598509e-06 7.119933725334703922e-04 3.117843152722343802e-05 8.737185999052599072e-05
3.800000000000000000e+01 1.900000028312206268e+00 6.530616760253906250e+01 -2.541521453857421875e+02 3.394828736782073975e-02 -2.390823364257812500e+01 -6.865730285644531250e-01 -1.621246269678522367e-06 5.559533019550144672e-04 5.031434193369932473e-05 8.987660839920863509e-05
3.900000000000000000e+01 1.950000029057264328e+00 6.411115264892578125e+01 -2.541864166259765625e+02 3.394820913672447205e-02 -2.389499855041503906e+01 -6.861926317214965820e-01 -9.822845186135964468e-07 4.974098410457372665e-04 3.764108259929344058e-05 9.049059008248150349e-05
4.000000000000000000e+01 2.000000029802322388e+00 6.291679382324218750e+01 -2.542207031250000000e+02 3.394817188382148743e-02 -2.388177108764648438e+01 -6.858128905296325684e-01 -8.010864007701457012e-07 3.105765499640256166e-04 5.572790905716829002e-05 9.123361087404191494e-05
4.100000000000000000e+01 2.050000030547380447e+00 6.172310256958007812e+01 -2.542549743652343750e+02 3.394817188382148743e-02 -2.386856460571289062e+01 -6.854338049888610840e-01 4.768371297814155696e-08 1.151564938481897116e-04 3.662629751488566399e-05 9.177549509331583977e-05
4.200000000000000000e+01 2.100000031292438507e+00 6.053007125854492188e+01 -2.542892456054687500e+02 3.394817188382148743e-02 -2.385536766052246094e+01 -6.850554347038269043e-01 2.002716001925364253e-07 1.988584263017401099e-04 2.260409564769361168e-05 9.237803169526159763e-05
4.300000000000000000e+01 2.150000032037496567e+00 5.933769989013671875e+01 -2.543235321044921875e+02 3.394809737801551819e-02 -2.384218025207519531e+01 -6.846777200698852539e-01 -7.629394360719743418e-08 1.136513310484588146e-04 4.105024345335550606e-05 9.121385664911940694e-05
4.400000000000000000e+01 2.200000032782554626e+00 5.814598464965820312e+01 -2.543577270507812500e+02 3.394809737801551819e-02 -2.382899856567382812e+01 -6.843006014823913574e-01 1.087188707060704473e-06 3.944541822420433164e-05 5.859418524778448045e-05 9.169793338514864445e-05
4.500000000000000000e+01 2.250000033527612686e+00 5.695492935180664062e+01 -2.543919067382812500e+02 3.394809737801551819e-02 -2.381583595275878906e+01 -6.839237809181213379e-01 8.010864007701457012e-07 1.185975997941568494e-04 2.531541395001113415e-05 9.133596176980063319e-05
4.600000000000000000e+01 2.300000034272670746e+00 5.576453399658203125e+01 -2.544260864257812500e+02 3.394809737801551819e-02 -2.380268669128417969e+01 -6.835475564002990723e-01 1.544952397125598509e-06 2.890888572437688708e-05 2.404485167062375695e-05 9.118083107750862837e-05
4.700000000000000000e+01 2.350000035017728806e+00 5.457479476928710938e+01 -2.544602661132812500e+02 3.394809737801551819e-02 -2.378954505920410156e+01 -6.831717491149902344e-01 1.544952397125598509e-06 7.885876402724534273e-05 2.147290615539532155e-05 9.147350647253915668e-05
4.800000000000000000e+01 2.400000035762786865e+00 5.338571166992187500e+01 -2.544944458007812500e+02 3.394806012511253357e-02 -2.377641105651855469e+01 -6.827964782714843750e-01 7.534026735811494291e-07 -5.650993989547714591e-05 2.098793629556894302e-05 9.130914986599236727e-05
4.900000000000000000e+01 2.450000036507844925e+00 5.219728469848632812e+01 -2.545285644531250000e+02 3.394806012511253357e-02 -2.376329040527343750e+01 -6.824213266372680664e-01 5.149840944795869291e-07 3.183067747158929706e-05 2.069969195872545242e-05 9.020312427310273051e-05
5.000000000000000000e+01 2.500000037252902985e+00 5.100951385498046875e+01 -2.545626525878906250e+02 3.394806012511253357e-02 -2.375018692016601562e+01 -6.820467710494995117e-01 1.258850033991620876e-06 4.861400884692557156e-05 5.700632391381077468e-05 8.998093835543841124e-05
5.100000000000000000e+01 2.550000037997961044e+00 4.982239532470703125e+01 -2.545967254638671875e+02 3.394806012511253357e-02 -2.373709106445312500e+01 -6.816725134849548340e-01 1.420974740540259518e-06 -6.413293885998427868e-05 3.612635191529989243e-05 8.967400208348408341e-05
5.200000000000000000e+01 2.600000038743019104e+00 4.863593673706054688e+01 -2.546308135986328125e+02 3.394806012511253357e-02 -2.372400665283203125e+01 -6.812984347343444824e-01 7.915496667010302190e-07 -3.350249698996776715e-06 1.941945083672180772e-05 9.024110477184876800e-05
5.300000000000000000e+01 2.650000039488077164e+00 4.745013046264648438e+01 -2.546649017333984375e+02 3.394806012511253357e-02 -2.371092987060546875e+01 -6.809247732162475586e-01 2.479553131706779823e-07 8.190286462195217609e-05 4.097505370737053454e-05 9.042008605320006609e-05
5.400000000000000000e+01 2.700000040233135223e+00 4.626497268676757812e+01 -2.546989440917968750e+02 3.394806012511253357e-02 -2.369787216186523438e+01 -6.805513501167297363e-01 7.343292054429184645e-07 2.373407187405973673e-05 3.923762415070086718e-05 8.996020187623798847e-05
5.500000000000000000e+01 2.750000040978193283e+00 4.508046722412109375e+01 -2.547329254150390625e+02 3.394798189401626587e-02 -2.368482398986816406e+01 -6.801782846450805664e-01 7.152557373046875000e-07 -3.576610470190644264e-05 1.963372415048070252e-05 9.002305159810930490e-05
5.600000000000000000e+01 2.800000041723251343e+00 4.389661407470703125e+01 -2.547669067382812500e+02 3.394798189401626587e-02 -2.367178726196289062e+01 -6.798055768013000488e-01 9.727477845444809645e-07 3.564396138244774193e-06 3.613043736550025642e-05 9.039165888680145144e-05
5.700000000000000000e+01 2.850000042468309402e+00 4.271342086791992188e+01 -2.548008880615234375e+02 3.394798189401626587e-02 -2.365875625610351562e+01 -6.794330477714538574e-01 7.724761985627992544e-07 -1.073582097887992859e-04 3.519952224451117218e-05 8.990318019641563296e-05
5.800000000000000000e+01 2.900000043213367462e+00 4.153087615966796875e+01 -2.548348846435546875e+02 3.394798189401626587e-02 -2.364574241638183594e+01 -6.790608763694763184e-01 8.201598689083766658e-07 4.205016375635750592e-05 2.075383963529020548e-05 9.035994298756122589e-05
5.900000000000000000e+01 2.950000043958425522e+00 4.034897994995117188e+01 -2.548688354492187500e+02 3.394798189401626587e-02 -2.363274192810058594e+01 -6.786892414093017578e-01 1.087188707060704473e-06 1.336818149866303429e-05 3.765820656553842127e-05 8.967222674982622266e-05
6.000000000000000000e+01 3.000000044703483582e+00 3.916773223876953125e+01 -2.549027252197265625e+02 3.394790738821029663e-02 -2.361975097656250000e+01 -6.783177852630615234e-01 9.346007914246001747e-07 4.542581882560625672e-05 3.883989484165795147e-05 8.956699457485228777e-05
6.100000000000000000e+01 3.050000045448541641e+00 3.798713302612304688e+01 -2.549366149902343750e+02 3.394790738821029663e-02 -2.360676765441894531e+01 -6.779469847679138184e-01 4.482269275740691228e-07 -8.842368697514757514e-05 -8.400230058214219753e-07 8.948212052928283811e-05
6.200000000000000000e+01 3.100000046193599701e+00 3.680718612670898438e+01 -2.549705047607421875e+02 3.394790738821029663e-02 -2.359379386901855469e+01 -6.775763034820556641e-01 6.675720101156912278e-07 -5.141929432284086943e-05 1.471530595154035836e-05 8.892020559869706631e-05
6.300000000000000000e+01 3.150000046938657761e+00 3.562788391113281250e+01 -2.550043945312500000e+02 3.394790738821029663e-02 -2.358084106445312500e+01 -6.772057414054870605e-01 9.346007914246001747e-07 -9.297618089476600289e-05 3.008141720783896744e-05 8.900783723220229149e-05
6.400000000000000000e+01 3.200000047683715820e+00 3.444922637939453125e+01 -2.550382690429687500e+02 3.394790738821029663e-02 -2.356789588928222656e+01 -6.768357753753662109e-01 1.010894720820942894e-06 5.248689558357000351e-05 1.588146369613241404e-05 8.904138667276129127e-05
6.500000000000000000e+01 3.250000048428773880e+00 3.327122116088867188e+01 -2.550720825195312500e+02 3.394790738821029663e-02 -2.355495643615722656e+01 -6.764662861824035645e-01 1.306533818024036009e-06 2.674565803317818791e-05 3.290525637567043304e-05 8.899911335902288556e-05
6.600000000000000000e+01 3.300000049173831940e+00 3.209386062622070312e+01 -2.551058807373046875e+02 3.394782915711402893e-02 -2.354202842712402344e+01 -6.760966181755065918e-01 1.153945845544512849e-06 6.646972906310111284e-05 3.526689033606089652e-05 8.939356484916061163e-05
6.700000000000000000e+01 3.350000049918889999e+00 3.091714859008789062e+01 -2.551396636962890625e+02 3.394782915711402893e-02 -2.352911758422851562e+01 -6.757276654243469238e-01 9.059905892172537278e-07 3.766338340938091278e-05 3.413076774450019002e-05 8.879387314664199948e-05
6.800000000000000000e+01 3.400000050663948059e+00 2.974107933044433594e+01 -2.551734466552734375e+02 3.394779190421104431e-02 -2.351621818542480469e+01 -6.753587722778320312e-01 1.449584942747605965e-06 3.154058504151180387e-05 3.508552617859095335e-05 8.871850150171667337e-05
6.900000000000000000e+01 3.450000051409006119e+00 2.856565284729003906e+01 -2.552072448730468750e+02 3.394782915711402893e-02 -2.350332641601562500e+01 -6.749902963638305664e-01 4.768371582031250000e-07 3.276582719990983605e-05 3.562454367056488991e-05 8.877213258529081941e-05
7.000000000000000000e+01 3.500000052154064178e+00 2.739087295532226562e+01 -2.552409667968750000e+02 3.394782915711402893e-02 -2.349044609069824219e+01 -6.746222376823425293e-01 3.051757744287897367e-07 -4.383881241665221751e-05 1.484168205934111029e-05 8.783368684817105532e-05
7.100000000000000000e+01 3.550000052899122238e+00 2.621673774719238281e+01 -2.552746582031250000e+02 3.394782915711402893e-02 -2.347757339477539062e+01 -6.742542982101440430e-01 3.814697038251324557e-07 -8.742642239667475224e-05 3.356166052981279790e-05 8.798098133411258459e-05
7.200000000000000000e+01 3.600000053644180298e+00 2.504324150085449219e+01 -2.553083496093750000e+02 3.394775465130805969e-02 -2.346471786499023438e+01 -6.738868355751037598e-01 9.536742950899679272e-09 2.241703623440116644e-05 3.429301068536005914e-05 8.816642366582527757e-05
7.300000000000000000e+01 3.650000054389238358e+00 2.387039184570312500e+01 -2.553420410156250000e+02 3.394775465130805969e-02 -2.345187377929687500e+01 -6.735197305679321289e-01 4.386901650832442101e-07 2.946599488495849073e-05 3.651490624179132283e-05 8.764700032770633698e-05
7.400000000000000000e+01 3.700000055134296417e+00 2.269818496704101562e+01 -2.553757324218750000e+02 3.394775465130805969e-02 -2.343903732299804688e+01 -6.731529235839843750e-01 1.430511389344246709e-07 -8.045862341532483697e-05 3.382771319593302906e-05 8.780515781836584210e-05
7.500000000000000000e+01 3.750000055879354477e+00 2.152661895751953125e+01 -2.554094085693359375e+02 3.394775465130805969e-02 -2.342620849609375000e+01 -6.727862954139709473e-01 -2.574920472397934645e-07 2.820139889081474394e-05 3.709628799697384238e-05 8.813462773105129600e-05
7.600000000000000000e+01 3.800000056624412537e+00 2.035569000244140625e+01 -2.554430084228515625e+02 3.394775465130805969e-02 -2.341340065002441406e+01 -6.724200248718261719e-01 -4.768371582031250000e-07 -4.615883517544716597e-05 1.545492887089494616e-05 8.895676000975072384e-05
7.700000000000000000e+01 3.850000057369470596e+00 1.918540191650390625e+01 -2.554765930175781250e+02 3.394775465130805969e-02 -2.340060043334960938e+01 -6.720539927482604980e-01 -1.134872377406281885e-06 1.862759199866559356e-05 3.421536530368030071e-05 8.858928777044638991e-05
7.800000000000000000e+01 3.900000058114528656e+00 1.801575469970703125e+01 -2.555101928710937500e+02 3.394767642021179199e-02 -2.338780784606933594e+01 -6.716884970664978027e-01 -8.487701279591419734e-07 2.425602906441781670e-05 3.135499719064682722e-05 8.883151167538017035e-05
7.900000000000000000e+01 3.950000058859586716e+00 1.684674835205078125e+01 -2.555437774658203125e+02 3.394767642021179199e-02 -2.337502670288085938e+01 -6.713232994079589844e-01 -4.291534310141287278e-07 2.958645563921891153e-05 3.243984247092157602e-05 8.871412137523293495e-05
8.000000000000000000e+01 4.000000059604644775e+00 1.567838096618652344e+01 -2.555773773193359375e+02 3.394767642021179199e-02 -2.336225509643554688e+01 -6.709583401679992676e-01 -7.057190032355720177e-07 -7.824967178748920560e-05 2.779458009172230959e-05 8.897274528862908483e-05
8.100000000000000000e+01 4.050000060349702835e+00 1.451065063476562500e+01 -2.556108703613281250e+02 3.394767642021179199e-02 -2.334949874877929688e+01 -6.705936193466186523e-01 -1.888275050987431314e-06 -7.717514381511136889e-05 2.775782013486605138e-05 8.904606511350721121e-05
8.200000000000000000e+01 4.100000061094760895e+00 1.334355831146240234e+01 -2.556443634033203125e+02 3.394767642021179199e-02 -2.333675575256347656e+01 -6.702291965484619141e-01 -1.611709535609406885e-06 -6.827508514106739312e-06 2.802637936838436872e-05 8.815231558401137590e-05
8.300000000000000000e+01 4.150000061839818954e+00 1.217710304260253906e+01 -2.556778717041015625e+02 3.394767642021179199e-02 -2.332401847839355469e+01 -6.698652505874633789e-01 -1.525878815300529823e-06 -4.807229561265558004e-05 4.399548561195842922e-05 8.790868741925805807e-05
8.400000000000000000e+01 4.200000062584877014e+00 1.101128387451171875e+01 -2.557113647460937500e+02 3.394756093621253967e-02 -2.331128692626953125e+01 -6.695014834403991699e-01 -7.915496667010302190e-07 -7.507790996896801516e-06 2.484940887370612472e-05 8.756236638873815536e-05
8.500000000000000000e+01 4.250000063329935074e+00 9.846100807189941406e+00 -2.557448577880859375e+02 3.394756093621253967e-02 -2.329857635498046875e+01 -6.691380143165588379e-01 -1.049041770784242544e-06 3.144172660540789366e-05 2.532004873501136899e-05 8.682192856213077903e-05
8.600000000000000000e+01 4.300000064074993134e+00 8.681552886962890625e+00 -2.557782897949218750e+02 3.394756093621253967e-02 -2.328587532043457031e+01 -6.687750220298767090e-01 -7.915496667010302190e-07 -6.681330887658987194e-06 3.950498285121284425e-05 8.676931611262261868e-05
8.700000000000000000e+01 4.350000064820051193e+00 7.517640113830566406e+00 -2.558116912841796875e+02 3.394756093621253967e-02 -2.327318382263183594e+01 -6.684123277664184570e-01 -4.673003957123000873e-07 4.122760583413764834e-05 5.877399235032498837e-05 8.671644172864034772e-05
8.800000000000000000e+01 4.400000065565109253e+00 6.354361534118652344e+00 -2.558450927734375000e+02 3.394756093621253967e-02 -2.326049995422363281e+01 -6.680499315261840820e-01 -6.294250169958104379e-07 7.279636065504746512e-06 9.294734581999364309e-07 8.614420949015766382e-05
8.900000000000000000e+01 4.450000066310167313e+00 5.191716670989990234e+00 -2.558784942626953125e+02 3.394756093621253967e-02 -2.324782752990722656e+01 -6.676876544952392578e-01 -6.103515488575794734e-07 2.563968109825509600e-06 3.136252416879869998e-05 8.619824075140058994e-05
9.000000000000000000e+01 4.500000067055225372e+00 4.029705524444580078e+00 -2.559118957519531250e+02 3.394748643040657043e-02 -2.323517036437988281e+01 -6.673256754875183105e-01 -6.198882829266949557e-07 -7.519085556850768626e-06 6.739153468515723944e-05 8.592017547925934196e-05
9.100000000000000000e+01 4.550000067800283432e+00 2.868326425552368164e+00 -2.559452667236328125e+02 3.394748643040657043e-02 -2.322252464294433594e+01 -6.669642329216003418e-01 -5.531310875994677190e-07 -7.817146070010494441e-06 5.097840039525181055e-05 8.619046275271102786e-05
9.200000000000000000e+01 4.600000068545341492e+00 1.707579135894775391e+00 -2.559785614013671875e+02 3.394748643040657043e-02 -2.320988464355468750e+01 -6.666031479835510254e-01 -5.531310875994677190e-07 -1.167922528111375868e-05 3.080133319599553943e-05 8.590580546297132969e-05
9.300000000000000000e+01 4.650000069290399551e+00 5.474639534950256348e-01 -2.560118713378906250e+02 3.394748643040657043e-02 -2.319725227355957031e+01 -6.662423014640808105e-01 -2.765655437997338595e-07 2.962733560707420111e-05 4.942201485391706228e-05 8.586682088207453489e-05
9.400000000000000000e+01 4.700000070035457611e+00 -6.120202541351318359e-01 -2.560451660156250000e+02 3.394748643040657043e-02 -2.318463897705078125e+01 -6.658815741539001465e-01 -7.343292054429184645e-07 2.821391171892173588e-05 9.234620847564656287e-06 8.673186675878241658e-05
9.500000000000000000e+01 4.750000070780515671e+00 -1.770874142646789551e+00 -2.560784606933593750e+02 3.394748643040657043e-02 -2.317203521728515625e+01 -6.655211448669433594e-01 -9.632110504753654823e-07 -7.787550566717982292e-05 2.627393314469372854e-06 8.502321725245565176e-05
9.600000000000000000e+01 4.800000071525573730e+00 -2.929098367691040039e+00 -2.561117858886718750e+02 3.394740819931030273e-02 -2.315944099426269531e+01 -6.651610136032104492e-01 -4.482269275740691228e-07 -1.518496628705179319e-05 5.618128852802328765e-05 8.613106911070644855e-05
9.700000000000000000e+01 4.850000072270631790e+00 -4.086692810058593750e+00 -2.561449890136718750e+02 3.394740819931030273e-02 -2.314685440063476562e+01 -6.648014187812805176e-01 -3.814697038251324557e-07 -1.797118784452322870e-05 3.759858009289018810e-05 8.590371726313605905e-05
9.800000000000000000e+01 4.900000073015689850e+00 -5.243657588958740234e+00 -2.561781921386718750e+02 3.394740819931030273e-02 -2.313427925109863281e+01 -6.644420623779296875e-01 -3.433227391269610962e-07 -1.460138355469098315e-05 1.937253728101495653e-05 8.643400360597297549e-05
9.900000000000000000e+01 4.950000073760747910e+00 -6.399994850158691406e+00 -2.562113952636718750e+02 3.394740819931030273e-02 -2.312172126770019531e+01 -6.640830039978027344e-01 -5.531310875994677190e-07 9.586296800989657640e-05 2.118405063811223954e-05 8.668098598718643188e-05
1.000000000000000000e+02 5.000000074505805969e+00 -7.555704593658447266e+00 -2.562445983886718750e+02 3.394740819931030273e-02 -2.310917091369628906e+01 -6.637243628501892090e-01 -2.574920472397934645e-07 -7.688756886636838317e-05 3.078956797253340483e-05 8.641924796393141150e-05
1.010000000000000000e+02 5.050000075250864029e+00 -8.710786819458007812e+00 -2.562778015136718750e+02 3.394740819931030273e-02 -2.309663009643554688e+01 -6.633659005165100098e-01 -2.002716001925364253e-07 -4.685292424255749211e-06 9.690408660389948636e-06 8.618870197096839547e-05
1.020000000000000000e+02 5.100000075995922089e+00 -9.865241050720214844e+00 -2.563109741210937500e+02 3.394740819931030273e-02 -2.308409690856933594e+01 -6.630077362060546875e-01 -1.621246354943650658e-07 -1.248225544259184971e-05 4.241001806803978980e-05 8.546675235265865922e-05
