3.000000000000000000e+00 1.500000022351741791e-01 9.756778717041015625e+01 -2.570098571777343750e+02 9.979248046875000000e-03 -2.420015144348144531e+01 -2.295971810817718506e-01 -9.936796873807907104e-02 -4.970557391643524170e-01 -4.943421110510826111e-02 1.160138010978698730e+00
4.000000000000000000e+00 2.000000029802322388e-01 9.635831451416015625e+01 -2.570248718261718750e+02 5.144843831658363342e-03 -2.418132591247558594e+01 -3.507406413555145264e-01 -9.164582937955856323e-02 -3.201402723789215088e-01 1.350366175174713135e-01 7.837220430374145508e-01
5.000000000000000000e+00 2.500000037252902985e-01 9.514974212646484375e+01 -2.570451660156250000e+02 9.870909852907061577e-04 -2.416322898864746094e+01 -4.454611241817474365e-01 -7.505920529365539551e-02 -1.395143717527389526e-01 1.606213301420211792e-01 5.077477097511291504e-01
6.000000000000000000e+00 3.000000044703483582e-01 9.394204711914062500e+01 -2.570695495605468750e+02 -2.300186082720756531e-03 -2.414577102661132812e+01 -5.179990530014038086e-01 -5.788503587245941162e-02 -8.090618997812271118e-03 1.412704139947891235e-01 3.190013170242309570e-01
7.000000000000000000e+00 3.500000052154064178e-01 9.273522949218750000e+01 -2.570970458984375000e+02 -4.785118158906698227e-03 -2.412884140014648438e+01 -5.727958083152770996e-01 -4.311809316277503967e-02 7.516866922378540039e-02 1.134718060493469238e-01 1.943133026361465454e-01
8.000000000000000000e+00 4.000000059604644775e-01 9.152924346923828125e+01 -2.571268920898437500e+02 -6.613006349653005600e-03 -2.411233139038085938e+01 -6.137686967849731445e-01 -3.143077716231346130e-02 1.210885718464851379e-01 8.795101940631866455e-02 1.138950511813163757e-01
9.000000000000000000e+00 4.500000067055225372e-01 9.032408905029296875e+01 -2.571584472656250000e+02 -7.934799417853355408e-03 -2.409614372253417969e+01 -6.441388726234436035e-01 -2.259187586605548859e-02 1.413122415542602539e-01 6.721232831478118896e-02 6.316815316677093506e-02
1.000000000000000000e+01 5.000000074505805969e-01 8.911974334716796875e+01 -2.571912536621093750e+02 -8.880347944796085358e-03 -2.408021354675292969e+01 -6.664662957191467285e-01 -1.607809960842132568e-02 1.449017971754074097e-01 5.106562003493309021e-02 3.197507187724113464e-02
1.100000000000000000e+01 5.500000081956386566e-01 8.791619873046875000e+01 -2.572250671386718750e+02 -9.551201015710830688e-03 -2.406447982788085938e+01 -6.827440261840820312e-01 -1.137020997703075409e-02 1.382946372032165527e-01 3.873080015182495117e-02 1.340828277170658112e-02
1.200000000000000000e+01 6.000000089406967163e-01 8.671343231201171875e+01 -2.572595214843750000e+02 -1.002487167716026306e-02 -2.404889869689941406e+01 -6.945049762725830078e-01 -8.005752228200435638e-03 1.260984987020492554e-01 2.933914214372634888e-02 2.855587285012006760e-03
1.300000000000000000e+01 6.500000096857547760e-01 8.551144409179687500e+01 -2.572944641113281250e+02 -1.035804767161607742e-02 -2.403343009948730469e+01 -7.029160857200622559e-01 -5.617714021354913712e-03 1.113675460219383240e-01 2.218739502131938934e-02 -2.723028650507330894e-03
1.400000000000000000e+01 7.000000104308128357e-01 8.431022644042968750e+01 -2.573297729492187500e+02 -1.059184968471527100e-02 -2.401805114746093750e+01 -7.088584899902343750e-01 -3.932018298655748367e-03 9.606004506349563599e-02 1.678549684584140778e-02 -5.300338845700025558e-03
1.500000000000000000e+01 7.500000111758708954e-01 8.310978698730468750e+01 -2.573652954101562500e+02 -1.075565349310636520e-02 -2.400273895263671875e+01 -7.129923105239868164e-01 -2.748861210420727730e-03 8.126349747180938721e-02 1.269610226154327393e-02 -6.143999285995960236e-03
1.600000000000000000e+01 8.000000119209289551e-01 8.191008758544921875e+01 -2.574010009765625000e+02 -1.087020803242921829e-02 -2.398748207092285156e+01 -7.158089876174926758e-01 -1.919975271448493004e-03 6.791976094245910645e-02 9.700215421617031097e-03 -6.034949328750371933e-03
1.700000000000000000e+01 8.500000126659870148e-01 8.071117401123046875e+01 -2.574368286132812500e+02 -1.095016486942768097e-02 -2.397226715087890625e+01 -7.176721096038818359e-01 -1.340064918622374535e-03 5.586168169975280762e-02 7.284569088369607925e-03 -5.455682519823312759e-03
1.800000000000000000e+01 9.000000134110450745e-01 7.951300811767578125e+01 -2.574727478027343750e+02 -1.100604981184005737e-02 -2.395708656311035156e+01 -7.188486456871032715e-01 -9.351157932542264462e-04 4.569654166698455811e-02 5.520467180758714676e-03 -4.686919506639242172e-03
1.900000000000000000e+01 9.500000141561031342e-01 7.831561279296875000e+01 -2.575086669921875000e+02 -1.104518864303827286e-02 -2.394193458557128906e+01 -7.195339798927307129e-01 -6.513404659926891327e-04 3.696084767580032349e-02 4.154454916715621948e-03 -3.885431447997689247e-03
2.000000000000000000e+01 1.000000014901161194e+00 7.711897277832031250e+01 -2.575446472167968750e+02 -1.107265427708625793e-02 -2.392680931091308594e+01 -7.198699712753295898e-01 -4.551315214484930038e-04 2.959945984184741974e-02 3.158602863550186157e-03 -3.144216956570744514e-03
2.100000000000000000e+01 1.050000015646219254e+00 7.592308044433593750e+01 -2.575806884765625000e+02 -1.109153684228658676e-02 -2.391170310974121094e+01 -7.199593782424926758e-01 -3.142261411994695663e-04 2.356965281069278717e-02 2.381373196840286255e-03 -2.494209213182330132e-03
2.200000000000000000e+01 1.100000016391277313e+00 7.472795104980468750e+01 -2.576166992187500000e+02 -1.110488828271627426e-02 -2.389661979675292969e+01 -7.198756337165832520e-01 -2.204513439210131764e-04 1.871331781148910522e-02 1.843463163822889328e-03 -1.942121656611561775e-03
2.300000000000000000e+01 1.150000017136335373e+00 7.353356933593750000e+01 -2.576527099609375000e+02 -1.111415866762399673e-02 -2.388154983520507812e+01 -7.196711301803588867e-01 -1.529884320916607976e-04 1.479854434728622437e-02 1.404342707246541977e-03 -1.495144446380436420e-03
2.400000000000000000e+01 1.200000017881393433e+00 7.233994293212890625e+01 -2.576886596679687500e+02 -1.112056709825992584e-02 -2.386649894714355469e+01 -7.193832993507385254e-01 -1.072216036845929921e-04 1.160199847072362900e-02 1.047843717969954014e-03 -1.137436134740710258e-03
2.500000000000000000e+01 1.250000018626451492e+00 7.114707183837890625e+01 -2.577245788574218750e+02 -1.112514454871416092e-02 -2.385146141052246094e+01 -7.190386056900024414e-01 -7.404327334370464087e-05 9.099903516471385956e-03 7.855340372771024704e-04 -8.562816074118018150e-04
2.600000000000000000e+01 1.300000019371509552e+00 6.995494842529296875e+01 -2.577605285644531250e+02 -1.112838741391897202e-02 -2.383644294738769531e+01 -7.186554670333862305e-01 -5.208969014347530901e-05 7.100509945303201675e-03 5.771901342086493969e-04 -6.371618364937603474e-04
2.700000000000000000e+01 1.350000020116567612e+00 6.876358032226562500e+01 -2.577964477539062500e+02 -1.113056112080812454e-02 -2.382143211364746094e+01 -7.182465791702270508e-01 -3.557205127435736358e-05 5.453635007143020630e-03 4.800251335836946964e-04 -4.711280053015798330e-04
2.800000000000000000e+01 1.400000020861625671e+00 6.757295227050781250e+01 -2.578323669433593750e+02 -1.113208755850791931e-02 -2.380644226074218750e+01 -7.178207039833068848e-01 -2.589225732663180679e-05 4.232760053128004074e-03 3.529466339386999607e-04 -3.449604264460504055e-04
2.900000000000000000e+01 1.450000021606683731e+00 6.638308715820312500e+01 -2.578682250976562500e+02 -1.113319396972656250e-02 -2.379146385192871094e+01 -7.173842191696166992e-01 -1.729965151753276587e-05 3.280296223238110542e-03 2.817675995174795389e-04 -2.482124837115406990e-04
3.000000000000000000e+01 1.500000022351741791e+00 6.519396209716796875e+01 -2.579040527343750000e+02 -1.113391853868961334e-02 -2.377650070190429688e+01 -7.169408202171325684e-01 -1.224517836817540228e-05 2.473335713148117065e-03 1.918569905683398247e-04 -1.798893790692090988e-04
3.100000000000000000e+01 1.550000023096799850e+00 6.400557708740234375e+01 -2.579399108886718750e+02 -1.113449037075042725e-02 -2.376154899597167969e+01 -7.164933681488037109e-01 -7.686614480917342007e-06 1.939877634868025780e-03 1.808114611776545644e-04 -1.285965845454484224e-04
3.200000000000000000e+01 1.600000023841857910e+00 6.281795120239257812e+01 -2.579757385253906250e+02 -1.113487221300601959e-02 -2.374661064147949219e+01 -7.160437703132629395e-01 -5.569457698584301397e-06 1.528417225927114487e-03 1.483951491536572576e-04 -8.995539246825501323e-05
3.300000000000000000e+01 1.650000024586915970e+00 6.163106155395507812e+01 -2.580115051269531250e+02 -1.113502494990825653e-02 -2.373169326782226562e+01 -7.155931591987609863e-01 -4.739761152450228110e-06 1.114500337280333042e-03 1.216885430039837956e-04 -6.355619552778080106e-05
3.400000000000000000e+01 1.700000025331974030e+00 6.044493103027343750e+01 -2.580472717285156250e+02 -1.113529223948717117e-02 -2.371678352355957031e+01 -7.151422500610351562e-01 -3.862380708596901968e-06 8.842413080856204033e-04 8.436349162366241217e-05 -4.316224294598214328e-05
3.500000000000000000e+01 1.750000026077032089e+00 5.925953292846679688e+01 -2.580830078125000000e+02 -1.113544404506683350e-02 -2.370188903808593750e+01 -7.146914005279541016e-01 -2.136230477844947018e-06 7.018024334684014320e-04 4.124133556615561247e-05 -3.125021976302377880e-05
3.600000000000000000e+01 1.800000026822090149e+00 5.807489013671875000e+01 -2.581187438964843750e+02 -1.113552041351795197e-02 -2.368700790405273438e+01 -7.142408490180969238e-01 -2.260208020743448287e-06 4.657901299651712179e-04 7.160412496887147427e-05 -2.059308280877303332e-05
3.700000000000000000e+01 1.850000027567148209e+00 5.689097976684570312e+01 -2.581544799804687500e+02 -1.113555859774351120e-02 -2.367214012145996094e+01 -7.137909531593322754e-01 -1.363754222438728902e-06 3.921152383554726839e-04 4.104976324015296996e-05 -1.380503090331330895e-05
3.800000000000000000e+01 1.900000028312206268e+00 5.570782470703125000e+01 -2.581901245117187500e+02 -1.113567315042018890e-02 -2.365729141235351562e+01 -7.133415937423706055e-01 -8.010864007701457012e-07 2.301452186657115817e-04 4.610577161656692624e-05 -8.956694728112779558e-06
3.900000000000000000e+01 1.950000029057264328e+00 5.452540588378906250e+01 -2.582257690429687500e+02 -1.113571133464574814e-02 -2.364245033264160156e+01 -7.128928303718566895e-01 -2.288818222950794734e-06 1.877892791526392102e-04 5.223400512477383018e-05 -5.932135991315590218e-06
4.000000000000000000e+01 2.000000029802322388e+00 5.334372329711914062e+01 -2.582614135742187500e+02 -1.113571133464574814e-02 -2.362762451171875000e+01 -7.124448418617248535e-01 -1.716613724056514911e-06 6.610497075598686934e-05 1.183346557809272781e-05 -4.752656877826666459e-06
4.100000000000000000e+01 2.050000030547380447e+00 5.216279220581054688e+01 -2.582970581054687500e+02 -1.113571133464574814e-02 -2.361281776428222656e+01 -7.119973301887512207e-01 -1.239776565853389911e-06 1.489124988438561559e-04 5.907799641136080027e-05 -2.638780415509245358e-06
4.200000000000000000e+01 2.100000031292438507e+00 5.098259353637695312e+01 -2.583325805664062500e+02 -1.113574951887130737e-02 -2.359801673889160156e+01 -7.115504145622253418e-01 -1.573562599332944956e-06 3.513509727781638503e-05 3.503061088849790394e-05 -1.977696229005232453e-06
4.300000000000000000e+01 2.150000032037496567e+00 4.980312728881835938e+01 -2.583681335449218750e+02 -1.113582588732242584e-02 -2.358323097229003906e+01 -7.111040949821472168e-01 -1.525878815300529823e-06 1.069576173904351890e-04 5.725251685362309217e-05 -1.447233216822496615e-06
4.400000000000000000e+01 2.200000032782554626e+00 4.862441635131835938e+01 -2.584036865234375000e+02 -1.113582588732242584e-02 -2.356846046447753906e+01 -7.106583714485168457e-01 -1.449584942747605965e-06 9.248501010006293654e-05 1.440126561647048220e-05 1.198547920466808137e-06
4.500000000000000000e+01 2.250000033527612686e+00 4.744643783569335938e+01 -2.584392395019531250e+02 -1.113586407154798508e-02 -2.355370140075683594e+01 -7.102131247520446777e-01 -5.722045557376986835e-07 8.381862426176667213e-05 3.162086795782670379e-05 -1.531029056422994472e-06
4.600000000000000000e+01 2.300000034272670746e+00 4.626919174194335938e+01 -2.584747314453125000e+02 -1.113586407154798508e-02 -2.353896141052246094e+01 -7.097682952880859375e-01 -8.392333938900264911e-07 3.417221887502819300e-05 2.745773963397368789e-05 -1.418596752955636475e-06
4.700000000000000000e+01 2.350000035017728806e+00 4.509267807006835938e+01 -2.585101623535156250e+02 -1.113586407154798508e-02 -2.352423095703125000e+01 -7.093240022659301758e-01 -5.912780807193485089e-07 4.398587770992890000e-05 5.051797052146866918e-05 -1.204546151711838320e-06
4.800000000000000000e+01 2.400000035762786865e+00 4.391690444946289062e+01 -2.585456237792968750e+02 -1.113586407154798508e-02 -2.350951385498046875e+01 -7.088800668716430664e-01 -6.008148147884639911e-07 -4.402211288834223524e-06 2.557812513259705156e-05 -3.586743275718617951e-07
4.900000000000000000e+01 2.450000036507844925e+00 4.274187850952148438e+01 -2.585810546875000000e+02 -1.113594043999910355e-02 -2.349481391906738281e+01 -7.084365487098693848e-01 -7.915496667010302190e-07 -2.505445263523142785e-05 2.274558937642723322e-05 -3.977533253873843933e-07
5.000000000000000000e+01 2.500000037252902985e+00 4.156758880615234375e+01 -2.586164855957031250e+02 -1.113594043999910355e-02 -2.348012161254882812e+01 -7.079935073852539062e-01 -1.077651972991588991e-06 2.455067988194059581e-05 2.407415922789368778e-05 -1.301702695855055936e-06
5.100000000000000000e+01 2.550000037997961044e+00 4.039402008056640625e+01 -2.586518554687500000e+02 -1.113594043999910355e-02 -2.346544647216796875e+01 -7.075509428977966309e-01 -8.487701279591419734e-07 1.164157310995506123e-05 4.084169995621778071e-05 -1.204607428917370271e-06
5.200000000000000000e+01 2.600000038743019104e+00 3.922119140625000000e+01 -2.586871948242187500e+02 -1.113594043999910355e-02 -2.345078468322753906e+01 -7.071089148521423340e-01 -3.242492709887301316e-07 2.888098060793709010e-05 4.049853669130243361e-05 -1.164608761428098660e-06
5.300000000000000000e+01 2.650000039488077164e+00 3.804909896850585938e+01 -2.587225646972656250e+02 -1.113594043999910355e-02 -2.343613243103027344e+01 -7.066671848297119141e-01 -2.956390403596742544e-07 -3.116461084573529661e-05 1.275456725124968216e-05 -1.049428647093009204e-06
5.400000000000000000e+01 2.700000040233135223e+00 3.687773513793945312e+01 -2.587579040527343750e+02 -1.113594043999910355e-02 -2.342150115966796875e+01 -7.062258124351501465e-01 -7.629394076502649114e-07 3.747524169739335775e-05 3.160187407047487795e-05 -1.271178462047828361e-06
5.500000000000000000e+01 2.750000040978193283e+00 3.570709609985351562e+01 -2.587931823730468750e+02 -1.113594043999910355e-02 -2.340687751770019531e+01 -7.057849168777465820e-01 -1.344680754300497938e-06 -2.721802411542739719e-05 4.987000284017995000e-05 -1.128097437685937621e-06
5.600000000000000000e+01 2.800000041723251343e+00 3.453718566894531250e+01 -2.588284301757812500e+02 -1.113601680845022202e-02 -2.339226913452148438e+01 -7.053443193435668945e-01 -6.484985419774602633e-07 1.430726001672155689e-06 2.716558083193376660e-05 -1.115749910240992904e-06
5.700000000000000000e+01 2.850000042468309402e+00 3.336800765991210938e+01 -2.588636779785156250e+02 -1.113601680845022202e-02 -2.337767791748046875e+01 -7.049040794372558594e-01 -3.242492709887301316e-07 -2.749800842138938606e-05 4.460598938749171793e-05 -1.140560016210656613e-06
5.800000000000000000e+01 2.900000043213367462e+00 3.219956588745117188e+01 -2.588989257812500000e+02 -1.113601680845022202e-02 -2.336309242248535156e+01 -7.044644951820373535e-01 -5.435943535303522367e-07 7.201859989436343312e-05 4.824568532058037817e-05 -1.109219851969101001e-06
5.900000000000000000e+01 2.950000043958425522e+00 3.103185081481933594e+01 -2.589341735839843750e+02 -1.113601680845022202e-02 -2.334852409362792969e+01 -7.040252685546875000e-01 2.956390403596742544e-07 4.891054049949161708e-05 2.233893064840231091e-05 -1.172260567727789748e-06
6.000000000000000000e+01 3.000000044703483582e+00 2.986485862731933594e+01 -2.589693298339843750e+02 -1.113601680845022202e-02 -2.333397102355957031e+01 -7.035863399505615234e-01 -1.525878872143948684e-07 -2.062040584860369563e-05 3.438038766034878790e-05 -1.096769210562342778e-06
6.100000000000000000e+01 3.050000045448541641e+00 2.869859886169433594e+01 -2.590044860839843750e+02 -1.113601680845022202e-02 -2.331942558288574219e+01 -7.031479477882385254e-01 -1.230239831784274429e-06 -1.575834357936400920e-05 3.346673111082054675e-05 -1.390180500493443105e-06
6.200000000000000000e+01 3.100000046193599701e+00 2.753306007385253906e+01 -2.590396423339843750e+02 -1.113601680845022202e-02 -2.330489921569824219e+01 -7.027097344398498535e-01 -8.773803301664884202e-07 -1.928987512656021863e-05 2.739897900028154254e-05 -1.175570446321216878e-06
6.300000000000000000e+01 3.150000046938657761e+00 2.636825370788574219e+01 -2.590747985839843750e+02 -1.113601680845022202e-02 -2.329038429260253906e+01 -7.022721171379089355e-01 -4.196166969450132456e-07 -2.185981975344475359e-05 2.194911758124362677e-05 -1.105120873035048135e-06
6.400000000000000000e+01 3.200000047683715820e+00 2.520416641235351562e+01 -2.591098632812500000e+02 -1.113609317690134048e-02 -2.327588081359863281e+01 -7.018348574638366699e-01 -4.100799344541883329e-07 -2.758734080998692662e-05 6.410596688510850072e-05 -1.111493702410371043e-06
6.500000000000000000e+01 3.250000048428773880e+00 2.404080772399902344e+01 -2.591449279785156250e+02 -1.113609317690134048e-02 -2.326139259338378906e+01 -7.013978958129882812e-01 3.719329697560169734e-07 5.745819635194493458e-06 4.397168959258124232e-05 -1.180943513645615894e-06
6.600000000000000000e+01 3.300000049173831940e+00 2.287817382812500000e+01 -2.591799926757812500e+02 -1.113609317690134048e-02 -2.324691581726074219e+01 -7.009615302085876465e-01 -2.670288097306183772e-07 -1.619077374925836921e-05 1.797143522708211094e-05 -1.374648718410753645e-06
6.700000000000000000e+01 3.350000049918889999e+00 2.171625900268554688e+01 -2.592150573730468750e+02 -1.113609317690134048e-02 -2.323245620727539062e+01 -7.005255222320556641e-01 -7.820129326319147367e-07 4.595806603902019560e-05 3.767721864278428257e-05 -1.242892267327988520e-06
6.800000000000000000e+01 3.400000050663948059e+00 2.055507087707519531e+01 -2.592500610351562500e+02 -1.113609317690134048e-02 -2.321800804138183594e+01 -7.000896930694580078e-01 -4.196166969450132456e-07 4.757088026963174343e-05 3.003043457283638418e-05 -1.170230916613945737e-06
6.900000000000000000e+01 3.450000051409006119e+00 1.939460372924804688e+01 -2.592850341796875000e+02 -1.113609317690134048e-02 -2.320356559753417969e+01 -6.996544599533081055e-01 -5.626678216685832012e-07 -1.962318674486596137e-05 2.923937699961243197e-06 -1.092614411390968598e-06
7.000000000000000000e+01 3.500000052154064178e+00 1.823485755920410156e+01 -2.593200073242187500e+02 -1.113609317690134048e-02 -2.318914794921875000e+01 -6.992195844650268555e-01 -6.008148147884639911e-07 -2.563929228927008808e-05 3.923868644051253796e-05 -1.139459300247835927e-06
7.100000000000000000e+01 3.550000052899122238e+00 1.707583236694335938e+01 -2.593549499511718750e+02 -1.113616954535245895e-02 -2.317473793029785156e+01 -6.987850069999694824e-01 -3.910064663159573684e-07 -1.933971816470148042e-06 6.445810868171975017e-05 -9.249508252651139628e-07
7.200000000000000000e+01 3.600000053644180298e+00 1.591752624511718750e+01 -2.593899230957031250e+02 -1.113616954535245895e-02 -2.316033554077148438e+01 -6.983509063720703125e-01 -1.049041742362533114e-07 4.247805190971121192e-05 2.428554034850094467e-05 -9.650127594795776531e-07
7.300000000000000000e+01 3.650000054389238358e+00 1.475994110107421875e+01 -2.594248046875000000e+02 -1.113616954535245895e-02 -2.314595603942871094e+01 -6.979171633720397949e-01 -5.435943535303522367e-07 -2.094605042657349259e-05 4.206758603686466813e-05 -1.013777932712400798e-06
7.400000000000000000e+01 3.700000055134296417e+00 1.360307312011718750e+01 -2.594596557617187500e+02 -1.113616954535245895e-02 -2.313158607482910156e+01 -6.974838972091674805e-01 -3.337860050578456139e-07 7.546808046754449606e-05 -1.004329760689870454e-06 -1.188018018183356617e-06
7.500000000000000000e+01 3.750000055879354477e+00 1.244692611694335938e+01 -2.594945373535156250e+02 -1.113616954535245895e-02 -2.311722755432128906e+01 -6.970508694648742676e-01 -8.583068478174027405e-08 4.515507680480368435e-05 1.050088212650734931e-05 -1.887155576696386561e-06
7.600000000000000000e+01 3.800000056624412537e+00 1.129149532318115234e+01 -2.595293884277343750e+02 -1.113616954535245895e-02 -2.310288429260253906e+01 -6.966183185577392578e-01 -6.103515488575794734e-07 -2.051382762147113681e-05 2.217841210949700326e-05 -1.611304128346091602e-06
7.700000000000000000e+01 3.850000057369470596e+00 1.013678169250488281e+01 -2.595642089843750000e+02 -1.113624591380357742e-02 -2.308855247497558594e+01 -6.961861848831176758e-01 -6.484985419774602633e-07 -2.676976873772218823e-05 6.531835242640227079e-05 -1.419556156179169193e-06
7.800000000000000000e+01 3.900000058114528656e+00 8.982783317565917969e+00 -2.595989685058593750e+02 -1.113624591380357742e-02 -2.307423591613769531e+01 -6.957544684410095215e-01 3.337860050578456139e-07 -2.549547753005754203e-05 2.484505603206343949e-05 -1.580344815010903403e-06
7.900000000000000000e+01 3.950000058859586716e+00 7.829500675201416016e+00 -2.596337585449218750e+02 -1.113624591380357742e-02 -2.305992889404296875e+01 -6.953231692314147949e-01 -9.536742595628311392e-08 4.308002462494187057e-05 4.396637814352288842e-05 -1.408971570526773576e-06
8.000000000000000000e+01 4.000000059604644775e+00 6.676932811737060547e+00 -2.596685180664062500e+02 -1.113624591380357742e-02 -2.304563331604003906e+01 -6.948923468589782715e-01 -1.525878872143948684e-07 -1.833503301895689219e-05 1.893344960990361869e-05 -1.296912728321331087e-06
8.100000000000000000e+01 4.050000060349702835e+00 5.525079250335693359e+00 -2.597032775878906250e+02 -1.113624591380357742e-02 -2.303135871887207031e+01 -6.944617033004760742e-01 3.528595016177860089e-07 -2.220803798991255462e-05 1.068691381078679115e-05 -4.650835307984380051e-07
8.200000000000000000e+01 4.100000061094760895e+00 4.373939037322998047e+00 -2.597379760742187500e+02 -1.113624591380357742e-02 -2.301709175109863281e+01 -6.940315365791320801e-01 -8.583068478174027405e-08 4.510982762440107763e-05 2.678944292711094022e-05 -1.781336095518781804e-06
8.300000000000000000e+01 4.150000061839818954e+00 3.223511934280395508e+00 -2.597726440429687500e+02 -1.113624591380357742e-02 -2.300283622741699219e+01 -6.936017274856567383e-01 -6.675720101156912278e-07 -2.551339821366127580e-05 4.052165240864269435e-05 -1.695474225016369019e-06
8.400000000000000000e+01 4.200000062584877014e+00 2.073796987533569336e+00 -2.598073120117187500e+02 -1.113632135093212128e-02 -2.298859977722167969e+01 -6.931722760200500488e-01 -8.583068478174027405e-08 1.722429374240164179e-06 2.049298564088530838e-05 -8.864915912454307545e-07
8.500000000000000000e+01 4.250000063329935074e+00 9.247941374778747559e-01 -2.598419799804687500e+02 -1.113632135093212128e-02 -2.297436904907226562e+01 -6.927431821823120117e-01 1.811981178434507456e-07 -2.824840157700236887e-05 3.670495789265260100e-05 -1.052402353707293514e-06
8.600000000000000000e+01 4.300000064074993134e+00 -2.234978377819061279e-01 -2.598766174316406250e+02 -1.113632135093212128e-02 -2.296015357971191406e+01 -6.923147439956665039e-01 -3.147125084979052190e-07 4.040439671371132135e-05 5.780532956123352051e-05 -1.093693299480946735e-06
8.700000000000000000e+01 4.350000064820051193e+00 -1.371079325675964355e+00 -2.599111938476562500e+02 -1.113632135093212128e-02 -2.294595336914062500e+01 -6.918864846229553223e-01 1.525878872143948684e-07 -1.800791869754903018e-05 -8.894658094504848123e-06 -1.169330971606541425e-06
8.800000000000000000e+01 4.400000065565109253e+00 -2.517951250076293945e+00 -2.599457702636718750e+02 -1.113632135093212128e-02 -2.293176269531250000e+01 -6.914585828781127930e-01 1.525878872143948684e-07 -2.236296495539136231e-05 2.453009437886066735e-05 -1.187076009045995306e-06
8.900000000000000000e+01 4.450000066310167313e+00 -3.664113998413085938e+00 -2.599803161621093750e+02 -1.113632135093212128e-02 -2.291758537292480469e+01 -6.910312771797180176e-01 -4.196166969450132456e-07 4.446737511898390949e-05 4.418219759827479720e-05 -1.330093482465599664e-06
9.000000000000000000e+01 4.500000067055225372e+00 -4.809568881988525391e+00 -2.600148925781250000e+02 -1.113639771938323975e-02 -2.290342521667480469e+01 -6.906040906906127930e-01 -6.294250169958104379e-07 -2.446890539431478828e-05 1.730547592160291970e-05 -5.688831947736616712e-07
9.100000000000000000e+01 4.550000067800283432e+00 -5.954315185546875000e+00 -2.600494079589843750e+02 -1.113639771938323975e-02 -2.288926887512207031e+01 -6.901773810386657715e-01 -4.768371582031250000e-07 -1.367750996905670036e-06 3.292877227067947388e-05 -3.077490418945671991e-06
9.200000000000000000e+01 4.600000068545341492e+00 -7.098353862762451172e+00 -2.600838928222656250e+02 -1.113639771938323975e-02 -2.287513160705566406e+01 -6.897512078285217285e-01 -2.288818308215923025e-07 -3.217969788238406181e-05 4.994026312488131225e-05 -2.707108023969340138e-06
9.300000000000000000e+01 4.650000069290399551e+00 -8.241686820983886719e+00 -2.601183471679687500e+02 -1.113639771938323975e-02 -2.286100769042968750e+01 -6.893253326416015625e-01 -2.956390403596742544e-07 9.711914754007011652e-05 3.359200491104274988e-05 -1.407224431204667781e-06
9.400000000000000000e+01 4.700000070035457611e+00 -9.384313583374023438e+00 -2.601528320312500000e+02 -1.113639771938323975e-02 -2.284689331054687500e+01 -6.888998150825500488e-01 2.574920472397934645e-07 4.679435005527921021e-05 2.832417703757528216e-05 -1.722160845929465722e-06
9.500000000000000000e+01 4.750000070780515671e+00 -1.052623367309570312e+01 -2.601872863769531250e+02 -1.113639771938323975e-02 -2.283279800415039062e+01 -6.884747743606567383e-01 -2.574920472397934645e-07 -2.221738759544678032e-05 4.115646879654377699e-05 -2.194330818383605219e-06
9.600000000000000000e+01 4.800000071525573730e+00 -1.166745090484619141e+01 -2.602216491699218750e+02 -1.113639771938323975e-02 -2.281871032714843750e+01 -6.880499124526977539e-01 -9.632110504753654823e-07 -1.663626972003839910e-05 -4.186560090602142736e-06 -1.369488927593920380e-06
9.700000000000000000e+01 4.850000072270631790e+00 -1.280796623229980469e+01 -2.602560424804687500e+02 -1.113639771938323975e-02 -2.280463600158691406e+01 -6.876253485679626465e-01 -1.096725441129819956e-06 -2.016462349274661392e-05 2.859710366465151310e-05 -1.119567514251684770e-06
9.800000000000000000e+01 4.900000073015689850e+00 -1.394777393341064453e+01 -2.602904052734375000e+02 -1.113647408783435822e-02 -2.279057502746582031e+01 -6.872013807296752930e-01 -7.152557373046875000e-07 -2.046457484539132565e-05 2.355148717470001429e-05 -1.168338030765880831e-06
9.900000000000000000e+01 4.950000073760747910e+00 -1.508687973022460938e+01 -2.603247680664062500e+02 -1.113647408783435822e-02 -2.277652549743652344e+01 -6.867776513099670410e-01 -7.534026735811494291e-07 -2.545579809520859271e-05 6.341870903270319104e-05 -1.242114649357972667e-06
1.000000000000000000e+02 5.000000074505805969e+00 -1.622528266906738281e+01 -2.603591003417968750e+02 -1.113647408783435822e-02 -2.276248931884765625e+01 -6.863545179367065430e-01 -2.861022885269903782e-08 7.913566150818951428e-06 4.196259033051319420e-05 -1.306400690737063996e-06
1.010000000000000000e+02 5.050000075250864029e+00 -1.736298370361328125e+01 -2.603934020996093750e+02 -1.113647408783435822e-02 -2.274846649169921875e+01 -6.859316825866699219e-01 -7.438659395120339468e-07 -1.552388494019396603e-05 1.505765430920291692e-05 -1.244948862222372554e-06
1.020000000000000000e+02 5.100000075995922089e+00 -1.849998855590820312e+01 -2.604276733398437500e+02 -1.113647408783435822e-02 -2.273445320129394531e+01 -6.855090260505676270e-01 -1.153945845544512849e-06 7.578775694128125906e-05 1.150091793533647433e-05 -1.145504825217358302e-06
